🖥️  Device: cuda
🎲 Seeds: [42]
🔄 Rounds: 100

======================================================================
Phase 1.1: Gamma Sensitivity Analysis
======================================================================

--- Gamma = 3 ---
  Seed 42:
[TMC Safe Mode] Split Report:
  Public (Server):  20000 samples (from Train)
  Private (Users):  30000 samples (from Train)
  Test (Evaluation):10000 samples (from Test)
  [Pre-training] 10 epochs on public data ...
    Epoch 1/10: loss=4.2485
    Epoch 10/10: loss=1.7248
  [Pre-training] Done. All local models will start from this checkpoint.
    Round   0/100: acc=0.3443, loss=2.5532, part=0.38
    Round  10/100: acc=0.4631, loss=2.0183, part=0.38
    Round  20/100: acc=0.4893, loss=1.9178, part=0.38
    Round  30/100: acc=0.4941, loss=1.9037, part=0.38
    Round  40/100: acc=0.5244, loss=1.8015, part=0.38
    Round  50/100: acc=0.5246, loss=1.8174, part=0.38
    Round  60/100: acc=0.5241, loss=1.8302, part=0.38
    Round  70/100: acc=0.5325, loss=1.8081, part=0.38
    Round  80/100: acc=0.5252, loss=1.8488, part=0.38
    Round  90/100: acc=0.5205, loss=1.8733, part=0.38
    Round  99/100: acc=0.5344, loss=1.8126, part=0.38

--- Gamma = 5 ---
  Seed 42:
[TMC Safe Mode] Split Report:
  Public (Server):  20000 samples (from Train)
  Private (Users):  30000 samples (from Train)
  Test (Evaluation):10000 samples (from Test)
  [Pre-training] 10 epochs on public data ...
    Epoch 1/10: loss=4.2485
    Epoch 10/10: loss=1.7248
  [Pre-training] Done. All local models will start from this checkpoint.
    Round   0/100: acc=0.3618, loss=2.4291, part=0.70
    Round  10/100: acc=0.4587, loss=2.0366, part=0.70
    Round  20/100: acc=0.4967, loss=1.8766, part=0.70
    Round  30/100: acc=0.5221, loss=1.8284, part=0.70
    Round  40/100: acc=0.5324, loss=1.7862, part=0.70
    Round  50/100: acc=0.5267, loss=1.7988, part=0.70
    Round  60/100: acc=0.5308, loss=1.7895, part=0.70
    Round  70/100: acc=0.5379, loss=1.7879, part=0.70
    Round  80/100: acc=0.5263, loss=1.8204, part=0.70
    Round  90/100: acc=0.5329, loss=1.8002, part=0.70
    Round  99/100: acc=0.5310, loss=1.8137, part=0.70

--- Gamma = 7 ---
  Seed 42:
[TMC Safe Mode] Split Report:
  Public (Server):  20000 samples (from Train)
  Private (Users):  30000 samples (from Train)
  Test (Evaluation):10000 samples (from Test)
  [Pre-training] 10 epochs on public data ...
    Epoch 1/10: loss=4.2485
    Epoch 10/10: loss=1.7248
  [Pre-training] Done. All local models will start from this checkpoint.
    Round   0/100: acc=0.3459, loss=2.5328, part=0.86
    Round  10/100: acc=0.4614, loss=2.0274, part=0.86
    Round  20/100: acc=0.5012, loss=1.8754, part=0.86
    Round  30/100: acc=0.5165, loss=1.8256, part=0.86
    Round  40/100: acc=0.5161, loss=1.8226, part=0.86
    Round  50/100: acc=0.5246, loss=1.8012, part=0.86
    Round  60/100: acc=0.5103, loss=1.8890, part=0.86
    Round  70/100: acc=0.5334, loss=1.7925, part=0.86
    Round  80/100: acc=0.5363, loss=1.7958, part=0.86
    Round  90/100: acc=0.5353, loss=1.7931, part=0.86
    Round  99/100: acc=0.5376, loss=1.7939, part=0.86

--- Gamma = 10 ---
  Seed 42:
[TMC Safe Mode] Split Report:
  Public (Server):  20000 samples (from Train)
  Private (Users):  30000 samples (from Train)
  Test (Evaluation):10000 samples (from Test)
  [Pre-training] 10 epochs on public data ...
    Epoch 1/10: loss=4.2485
    Epoch 10/10: loss=1.7248
  [Pre-training] Done. All local models will start from this checkpoint.
    Round   0/100: acc=0.3198, loss=2.6548, part=1.00
    Round  10/100: acc=0.4505, loss=2.0383, part=1.00
    Round  20/100: acc=0.5004, loss=1.8824, part=1.00
    Round  30/100: acc=0.5200, loss=1.8027, part=1.00
    Round  40/100: acc=0.5258, loss=1.8004, part=1.00
    Round  50/100: acc=0.5223, loss=1.8162, part=1.00
    Round  60/100: acc=0.5363, loss=1.7990, part=1.00
    Round  70/100: acc=0.5374, loss=1.7687, part=1.00
    Round  80/100: acc=0.5297, loss=1.8104, part=1.00
    Round  90/100: acc=0.5431, loss=1.7862, part=1.00
    Round  99/100: acc=0.5378, loss=1.7917, part=1.00

--- Gamma = 15 ---
  Seed 42:
[TMC Safe Mode] Split Report:
  Public (Server):  20000 samples (from Train)
  Private (Users):  30000 samples (from Train)
  Test (Evaluation):10000 samples (from Test)
  [Pre-training] 10 epochs on public data ...
    Epoch 1/10: loss=4.2485
    Epoch 10/10: loss=1.7248
  [Pre-training] Done. All local models will start from this checkpoint.
    Round   0/100: acc=0.3211, loss=2.6525, part=1.00
    Round  10/100: acc=0.4515, loss=2.0337, part=1.00
    Round  20/100: acc=0.5018, loss=1.8848, part=1.00
    Round  30/100: acc=0.5205, loss=1.8123, part=1.00
    Round  40/100: acc=0.5255, loss=1.8101, part=1.00
    Round  50/100: acc=0.5256, loss=1.8116, part=1.00
    Round  60/100: acc=0.5347, loss=1.7978, part=1.00
    Round  70/100: acc=0.5373, loss=1.7695, part=1.00
    Round  80/100: acc=0.5358, loss=1.8037, part=1.00
    Round  90/100: acc=0.5412, loss=1.7817, part=1.00
    Round  99/100: acc=0.5425, loss=1.7915, part=1.00
  💾 Saved: /home/aelab-3/TMC_2026/paid-fd/results/experiments/phase1_gamma_seed42.json

✅ Phase 1.1: Gamma Sensitivity completed in 28594s

======================================================================
🏁 All done! Total time: 28594s (476.6 min)
======================================================================
🖥️  Device: cuda
🎲 Seeds: [42]
🔄 Rounds: 100

======================================================================
Phase 1.1: Gamma Sensitivity Analysis
======================================================================

--- Gamma = 3 ---
  Seed 42:
[TMC Safe Mode] Split Report:
  Public (Server):  20000 samples (from Train)
  Private (Users):  30000 samples (from Train)
  Test (Evaluation):10000 samples (from Test)
  [Pre-training] 10 epochs on public data ...
    Epoch 1/10: loss=4.2485
    Epoch 10/10: loss=1.7248
  [Pre-training] Done. All local models will start from this checkpoint.
    Round   0/100: acc=0.2769, loss=2.8288, part=0.38
    Round  10/100: acc=0.3373, loss=2.6190, part=0.38
    Round  20/100: acc=0.3598, loss=2.5580, part=0.38
    Round  30/100: acc=0.3672, loss=2.5576, part=0.38
    Round  40/100: acc=0.3738, loss=2.5265, part=0.38
    Round  50/100: acc=0.3612, loss=2.5718, part=0.38
    Round  60/100: acc=0.3633, loss=2.5774, part=0.38
    Round  70/100: acc=0.3752, loss=2.5562, part=0.38
    Round  80/100: acc=0.3484, loss=2.6156, part=0.38
    Round  90/100: acc=0.3677, loss=2.5638, part=0.38
    Round  99/100: acc=0.3621, loss=2.5882, part=0.38

--- Gamma = 5 ---
  Seed 42:
[TMC Safe Mode] Split Report:
  Public (Server):  20000 samples (from Train)
  Private (Users):  30000 samples (from Train)
  Test (Evaluation):10000 samples (from Test)
  [Pre-training] 10 epochs on public data ...
    Epoch 1/10: loss=4.2485
    Epoch 10/10: loss=1.7248
  [Pre-training] Done. All local models will start from this checkpoint.
    Round   0/100: acc=0.2478, loss=2.9538, part=0.70
    Round  10/100: acc=0.3221, loss=2.7088, part=0.70
    Round  20/100: acc=0.3534, loss=2.6014, part=0.70
    Round  30/100: acc=0.3659, loss=2.5761, part=0.70
    Round  40/100: acc=0.3557, loss=2.5614, part=0.70
    Round  50/100: acc=0.3665, loss=2.5907, part=0.70
    Round  60/100: acc=0.3533, loss=2.5922, part=0.70
    Round  70/100: acc=0.3735, loss=2.5844, part=0.70
    Round  80/100: acc=0.3750, loss=2.6005, part=0.70
    Round  90/100: acc=0.3652, loss=2.6085, part=0.70
    Round  99/100: acc=0.3736, loss=2.5712, part=0.70

--- Gamma = 7 ---
  Seed 42:
[TMC Safe Mode] Split Report:
  Public (Server):  20000 samples (from Train)
  Private (Users):  30000 samples (from Train)
  Test (Evaluation):10000 samples (from Test)
  [Pre-training] 10 epochs on public data ...
    Epoch 1/10: loss=4.2485
    Epoch 10/10: loss=1.7248
  [Pre-training] Done. All local models will start from this checkpoint.
    Round   0/100: acc=0.2062, loss=3.1511, part=0.86
    Round  10/100: acc=0.3198, loss=2.6994, part=0.86
    Round  20/100: acc=0.3416, loss=2.6214, part=0.86
    Round  30/100: acc=0.3634, loss=2.5994, part=0.86
    Round  40/100: acc=0.3629, loss=2.6175, part=0.86
    Round  50/100: acc=0.3631, loss=2.5840, part=0.86
    Round  60/100: acc=0.3555, loss=2.6029, part=0.86
    Round  70/100: acc=0.3665, loss=2.5883, part=0.86
    Round  80/100: acc=0.3591, loss=2.5957, part=0.86
    Round  90/100: acc=0.3688, loss=2.6162, part=0.86
    Round  99/100: acc=0.3671, loss=2.5906, part=0.86

--- Gamma = 10 ---
  Seed 42:
[TMC Safe Mode] Split Report:
  Public (Server):  20000 samples (from Train)
  Private (Users):  30000 samples (from Train)
  Test (Evaluation):10000 samples (from Test)
  [Pre-training] 10 epochs on public data ...
    Epoch 1/10: loss=4.2485
    Epoch 10/10: loss=1.7248
  [Pre-training] Done. All local models will start from this checkpoint.
    Round   0/100: acc=0.2106, loss=3.1807, part=1.00
    Round  10/100: acc=0.3113, loss=2.7689, part=1.00
    Round  20/100: acc=0.3199, loss=2.7257, part=1.00
    Round  30/100: acc=0.3282, loss=2.6720, part=1.00
    Round  40/100: acc=0.3440, loss=2.6487, part=1.00
    Round  50/100: acc=0.3584, loss=2.6549, part=1.00
    Round  60/100: acc=0.3640, loss=2.6232, part=1.00
    Round  70/100: acc=0.3535, loss=2.6544, part=1.00
    Round  80/100: acc=0.3774, loss=2.6188, part=1.00
    Round  90/100: acc=0.3724, loss=2.6283, part=1.00
    Round  99/100: acc=0.3490, loss=2.6643, part=1.00
  💾 Saved: /home/aelab-3/TMC_2026/paid-fd/results/experiments/phase1_gamma_seed42.json

✅ Phase 1.1: Gamma Sensitivity completed in 22061s

======================================================================
🏁 All done! Total time: 22061s (367.7 min)
======================================================================
🖥️  Device: cuda
🎲 Seeds: [42]
🔄 Rounds: 100

======================================================================
Phase 1.1: Gamma Sensitivity Analysis
======================================================================

--- Gamma = 3 ---
  Seed 42:
[TMC Safe Mode] Split Report:
  Public (Server):  20000 samples (from Train)
  Private (Users):  30000 samples (from Train)
  Test (Evaluation):10000 samples (from Test)
  [Pre-training] 10 epochs on public data ...
    Epoch 1/10: loss=4.2485
    Epoch 10/10: loss=1.7248
  [Pre-training] Done. All local models will start from this checkpoint.
    Round   0/100: acc=0.3125, loss=3.0989, part=0.38
    Round  10/100: acc=0.2948, loss=3.2482, part=0.38
    Round  20/100: acc=0.2618, loss=3.2890, part=0.38
    Round  30/100: acc=0.2240, loss=3.3303, part=0.38
    Round  40/100: acc=0.2247, loss=3.3400, part=0.38
    Round  50/100: acc=0.2005, loss=3.3604, part=0.38
    Round  60/100: acc=0.1941, loss=3.3702, part=0.38
    Round  70/100: acc=0.2023, loss=3.3453, part=0.38
    Round  80/100: acc=0.1903, loss=3.3792, part=0.38
    Round  90/100: acc=0.1956, loss=3.3621, part=0.38
    Round  99/100: acc=0.1846, loss=3.3789, part=0.38

--- Gamma = 5 ---
  Seed 42:
[TMC Safe Mode] Split Report:
  Public (Server):  20000 samples (from Train)
  Private (Users):  30000 samples (from Train)
  Test (Evaluation):10000 samples (from Test)
  [Pre-training] 10 epochs on public data ...
    Epoch 1/10: loss=4.2485
    Epoch 10/10: loss=1.7248
  [Pre-training] Done. All local models will start from this checkpoint.
    Round   0/100: acc=0.2976, loss=3.1173, part=0.70
    Round  10/100: acc=0.3267, loss=3.1735, part=0.70
    Round  20/100: acc=0.3045, loss=3.2207, part=0.70
    Round  30/100: acc=0.2750, loss=3.2590, part=0.70
    Round  40/100: acc=0.2585, loss=3.2807, part=0.70
    Round  50/100: acc=0.2454, loss=3.3113, part=0.70
    Round  60/100: acc=0.2264, loss=3.3313, part=0.70
    Round  70/100: acc=0.2249, loss=3.3397, part=0.70
    Round  80/100: acc=0.2259, loss=3.3460, part=0.70
    Round  90/100: acc=0.2119, loss=3.3585, part=0.70
    Round  99/100: acc=0.2093, loss=3.3588, part=0.70

--- Gamma = 7 ---
  Seed 42:
[TMC Safe Mode] Split Report:
  Public (Server):  20000 samples (from Train)
  Private (Users):  30000 samples (from Train)
  Test (Evaluation):10000 samples (from Test)
  [Pre-training] 10 epochs on public data ...
    Epoch 1/10: loss=4.2485
    Epoch 10/10: loss=1.7248
  [Pre-training] Done. All local models will start from this checkpoint.
    Round   0/100: acc=0.2936, loss=3.1300, part=0.86
    Round  10/100: acc=0.2955, loss=3.2379, part=0.86
    Round  20/100: acc=0.3083, loss=3.2051, part=0.86
    Round  30/100: acc=0.3005, loss=3.2459, part=0.86
    Round  40/100: acc=0.2602, loss=3.2958, part=0.86
    Round  50/100: acc=0.2564, loss=3.2970, part=0.86
    Round  60/100: acc=0.2507, loss=3.3014, part=0.86
    Round  70/100: acc=0.2366, loss=3.3114, part=0.86
    Round  80/100: acc=0.2304, loss=3.3247, part=0.86
    Round  90/100: acc=0.2388, loss=3.3351, part=0.86
    Round  99/100: acc=0.2213, loss=3.3391, part=0.86

--- Gamma = 10 ---
  Seed 42:
[TMC Safe Mode] Split Report:
  Public (Server):  20000 samples (from Train)
  Private (Users):  30000 samples (from Train)
  Test (Evaluation):10000 samples (from Test)
  [Pre-training] 10 epochs on public data ...
    Epoch 1/10: loss=4.2485
    Epoch 10/10: loss=1.7248
  [Pre-training] Done. All local models will start from this checkpoint.
    Round   0/100: acc=0.2859, loss=3.1680, part=1.00
    Round  10/100: acc=0.3128, loss=3.1744, part=1.00
    Round  20/100: acc=0.3188, loss=3.1757, part=1.00
    Round  30/100: acc=0.3035, loss=3.2245, part=1.00
    Round  40/100: acc=0.3040, loss=3.2352, part=1.00
    Round  50/100: acc=0.2866, loss=3.2693, part=1.00
    Round  60/100: acc=0.2709, loss=3.2769, part=1.00
    Round  70/100: acc=0.2413, loss=3.3097, part=1.00
    Round  80/100: acc=0.2641, loss=3.2945, part=1.00
    Round  90/100: acc=0.2385, loss=3.3020, part=1.00
    Round  99/100: acc=0.2310, loss=3.3283, part=1.00
  💾 Saved: /home/aelab-3/TMC_2026/paid-fd/results/experiments/phase1_gamma_seed42.json

✅ Phase 1.1: Gamma Sensitivity completed in 22209s

======================================================================
🏁 All done! Total time: 22209s (370.2 min)
======================================================================
🖥️  Device: cuda
🎲 Seeds: [42]
🔄 Rounds: 100

======================================================================
Phase 1.1: Gamma Sensitivity Analysis
======================================================================

--- Gamma = 3 ---
  Seed 42:
[TMC Safe Mode] Split Report:
  Public (Server):  20000 samples (from Train)
  Private (Users):  30000 samples (from Train)
  Test (Evaluation):10000 samples (from Test)
  [Pre-training] 10 epochs on public data ...
    Epoch 1/10: loss=4.2485
    Epoch 10/10: loss=1.7248
  [Pre-training] Done. All local models will start from this checkpoint.
    Round   0/100: acc=0.4526, loss=2.1859, part=0.38
    Round  10/100: acc=0.5148, loss=1.9732, part=0.38
    Round  20/100: acc=0.5449, loss=1.8459, part=0.38
    Round  30/100: acc=0.5520, loss=1.8508, part=0.38
    Round  40/100: acc=0.5634, loss=1.8120, part=0.38
    Round  50/100: acc=0.5702, loss=1.7959, part=0.38
    Round  60/100: acc=0.5741, loss=1.8053, part=0.38
    Round  70/100: acc=0.5735, loss=1.8054, part=0.38
    Round  80/100: acc=0.5732, loss=1.8321, part=0.38
    Round  90/100: acc=0.5813, loss=1.7962, part=0.38
    Round  99/100: acc=0.5701, loss=1.8406, part=0.38

--- Gamma = 5 ---
  Seed 42:
[TMC Safe Mode] Split Report:
  Public (Server):  20000 samples (from Train)
  Private (Users):  30000 samples (from Train)
  Test (Evaluation):10000 samples (from Test)
  [Pre-training] 10 epochs on public data ...
    Epoch 1/10: loss=4.2485
    Epoch 10/10: loss=1.7248
  [Pre-training] Done. All local models will start from this checkpoint.
    Round   0/100: acc=0.4573, loss=2.1825, part=0.70
    Round  10/100: acc=0.5133, loss=1.9499, part=0.70
    Round  20/100: acc=0.5467, loss=1.8433, part=0.70
    Round  30/100: acc=0.5555, loss=1.8222, part=0.70
    Round  40/100: acc=0.5696, loss=1.7747, part=0.70
    Round  50/100: acc=0.5655, loss=1.8092, part=0.70
    Round  60/100: acc=0.5682, loss=1.8203, part=0.70
    Round  70/100: acc=0.5754, loss=1.7982, part=0.70
    Round  80/100: acc=0.5745, loss=1.8258, part=0.70
    Round  90/100: acc=0.5797, loss=1.8054, part=0.70
    Round  99/100: acc=0.5757, loss=1.8450, part=0.70

--- Gamma = 7 ---
  Seed 42:
[TMC Safe Mode] Split Report:
  Public (Server):  20000 samples (from Train)
  Private (Users):  30000 samples (from Train)
  Test (Evaluation):10000 samples (from Test)
  [Pre-training] 10 epochs on public data ...
    Epoch 1/10: loss=4.2485
    Epoch 10/10: loss=1.7248
  [Pre-training] Done. All local models will start from this checkpoint.
    Round   0/100: acc=0.4578, loss=2.1833, part=0.86
    Round  10/100: acc=0.5157, loss=1.9862, part=0.86
    Round  20/100: acc=0.5410, loss=1.8630, part=0.86
    Round  30/100: acc=0.5622, loss=1.8083, part=0.86
    Round  40/100: acc=0.5634, loss=1.7909, part=0.86
    Round  50/100: acc=0.5653, loss=1.8221, part=0.86
    Round  60/100: acc=0.5669, loss=1.8249, part=0.86
    Round  70/100: acc=0.5743, loss=1.8054, part=0.86
    Round  80/100: acc=0.5750, loss=1.8249, part=0.86
    Round  90/100: acc=0.5714, loss=1.8426, part=0.86
    Round  99/100: acc=0.5769, loss=1.8027, part=0.86

--- Gamma = 10 ---
  Seed 42:
[TMC Safe Mode] Split Report:
  Public (Server):  20000 samples (from Train)
  Private (Users):  30000 samples (from Train)
  Test (Evaluation):10000 samples (from Test)
  [Pre-training] 10 epochs on public data ...
    Epoch 1/10: loss=4.2485
    Epoch 10/10: loss=1.7248
  [Pre-training] Done. All local models will start from this checkpoint.
    Round   0/100: acc=0.4552, loss=2.1904, part=1.00
    Round  10/100: acc=0.5163, loss=1.9619, part=1.00
    Round  20/100: acc=0.5436, loss=1.8569, part=1.00
    Round  30/100: acc=0.5518, loss=1.8137, part=1.00
    Round  40/100: acc=0.5611, loss=1.8184, part=1.00
    Round  50/100: acc=0.5661, loss=1.8042, part=1.00
    Round  60/100: acc=0.5687, loss=1.8043, part=1.00
    Round  70/100: acc=0.5674, loss=1.8345, part=1.00
    Round  80/100: acc=0.5723, loss=1.8245, part=1.00
    Round  90/100: acc=0.5691, loss=1.8293, part=1.00
    Round  99/100: acc=0.5775, loss=1.8230, part=1.00
  💾 Saved: /home/aelab-3/TMC_2026/paid-fd/results/experiments/phase1_gamma_seed42.json

✅ Phase 1.1: Gamma Sensitivity completed in 22033s

======================================================================
🏁 All done! Total time: 22033s (367.2 min)
======================================================================
🖥️  Device: cuda
🎲 Seeds: [42]
🔄 Rounds: 100

======================================================================
Phase 1.1: Gamma Sensitivity Analysis
======================================================================

--- Gamma = 3 ---
  Seed 42:
[TMC Safe Mode] Split Report:
  Public (Server):  20000 samples (from Train)
  Private (Users):  30000 samples (from Train)
  Test (Evaluation):10000 samples (from Test)
  [Pre-training] 10 epochs on public data ...
🖥️  Device: cuda
🎲 Seeds: [42]
🔄 Rounds: 100

======================================================================
Phase 1.1: Gamma Sensitivity Analysis
======================================================================

--- Gamma = 3 ---
  Seed 42:
[TMC Safe Mode] Split Report:
  Public (Server):  20000 samples (from Train)
  Private (Users):  30000 samples (from Train)
  Test (Evaluation):10000 samples (from Test)
  [Pre-training] 10 epochs on public data ...
    Epoch 1/10: loss=4.2485
    Epoch 10/10: loss=1.7248
  [Pre-training] Done. All local models will start from this checkpoint.
    Round   0/100: acc=0.3589, loss=2.6716, part=0.38
    Round  10/100: acc=0.5194, loss=2.0849, part=0.38
    Round  20/100: acc=0.5707, loss=1.9130, part=0.38
    Round  30/100: acc=0.5852, loss=1.8927, part=0.38
    Round  40/100: acc=0.5901, loss=1.8914, part=0.38
    Round  50/100: acc=0.5983, loss=1.8909, part=0.38
    Round  60/100: acc=0.5969, loss=1.9030, part=0.38
    Round  70/100: acc=0.6059, loss=1.8841, part=0.38
    Round  80/100: acc=0.6009, loss=1.9185, part=0.38
    Round  90/100: acc=0.6014, loss=1.9241, part=0.38
    Round  99/100: acc=0.5999, loss=1.9280, part=0.38

--- Gamma = 5 ---
  Seed 42:
[TMC Safe Mode] Split Report:
  Public (Server):  20000 samples (from Train)
  Private (Users):  30000 samples (from Train)
  Test (Evaluation):10000 samples (from Test)
  [Pre-training] 10 epochs on public data ...
    Epoch 1/10: loss=4.2485
    Epoch 10/10: loss=1.7248
  [Pre-training] Done. All local models will start from this checkpoint.
    Round   0/100: acc=0.3816, loss=2.5662, part=0.70
    Round  10/100: acc=0.5150, loss=2.0726, part=0.70
    Round  20/100: acc=0.5759, loss=1.8767, part=0.70
    Round  30/100: acc=0.5890, loss=1.8739, part=0.70
    Round  40/100: acc=0.5991, loss=1.8713, part=0.70
    Round  50/100: acc=0.5894, loss=1.8999, part=0.70
    Round  60/100: acc=0.6051, loss=1.8873, part=0.70
    Round  70/100: acc=0.6048, loss=1.8996, part=0.70
    Round  80/100: acc=0.6031, loss=1.9120, part=0.70
    Round  90/100: acc=0.6121, loss=1.8990, part=0.70
    Round  99/100: acc=0.6082, loss=1.9114, part=0.70

--- Gamma = 7 ---
  Seed 42:
[TMC Safe Mode] Split Report:
  Public (Server):  20000 samples (from Train)
  Private (Users):  30000 samples (from Train)
  Test (Evaluation):10000 samples (from Test)
  [Pre-training] 10 epochs on public data ...
    Epoch 1/10: loss=4.2485
    Epoch 10/10: loss=1.7248
  [Pre-training] Done. All local models will start from this checkpoint.
    Round   0/100: acc=0.3790, loss=2.6170, part=0.86
    Round  10/100: acc=0.5135, loss=2.1156, part=0.86
    Round  20/100: acc=0.5657, loss=1.8808, part=0.86
    Round  30/100: acc=0.5832, loss=1.8791, part=0.86
    Round  40/100: acc=0.5901, loss=1.8894, part=0.86
    Round  50/100: acc=0.6005, loss=1.8834, part=0.86
    Round  60/100: acc=0.5968, loss=1.8945, part=0.86
    Round  70/100: acc=0.5990, loss=1.9213, part=0.86
    Round  80/100: acc=0.6012, loss=1.9020, part=0.86
    Round  90/100: acc=0.6082, loss=1.8964, part=0.86
    Round  99/100: acc=0.6107, loss=1.8931, part=0.86

--- Gamma = 10 ---
  Seed 42:
[TMC Safe Mode] Split Report:
  Public (Server):  20000 samples (from Train)
  Private (Users):  30000 samples (from Train)
  Test (Evaluation):10000 samples (from Test)
  [Pre-training] 10 epochs on public data ...
    Epoch 1/10: loss=4.2485
    Epoch 10/10: loss=1.7248
  [Pre-training] Done. All local models will start from this checkpoint.
    Round   0/100: acc=0.3693, loss=2.6433, part=1.00
    Round  10/100: acc=0.5096, loss=2.0910, part=1.00
    Round  20/100: acc=0.5695, loss=1.9089, part=1.00
    Round  30/100: acc=0.5903, loss=1.8449, part=1.00
    Round  40/100: acc=0.5886, loss=1.8839, part=1.00
    Round  50/100: acc=0.5995, loss=1.8757, part=1.00
    Round  60/100: acc=0.5948, loss=1.9077, part=1.00
    Round  70/100: acc=0.6029, loss=1.8797, part=1.00
    Round  80/100: acc=0.6007, loss=1.9230, part=1.00
    Round  90/100: acc=0.6037, loss=1.9110, part=1.00
    Round  99/100: acc=0.6073, loss=1.8952, part=1.00
  💾 Saved: /home/aelab-3/TMC_2026/paid-fd/results/experiments/phase1_gamma_seed42.json

✅ Phase 1.1: Gamma Sensitivity completed in 21950s

======================================================================
🏁 All done! Total time: 21950s (365.8 min)
======================================================================
============================================================
 PAID-FD Phase 1 Complete Experiment Run
 Started: Mon Feb 23 10:05:15 CST 2026
 Seed: 42 | Rounds: 100 | Device: cuda
 Log: results/logs/phase1_run_20260223_100515.log
============================================================

──────────────────────────────────────────────────────────
[10:05:15] Starting Phase 1.1 ...
──────────────────────────────────────────────────────────
Traceback (most recent call last):
  File "/home/aelab-2/TMC_2026/paid-fd/scripts/run_all_experiments.py", line 43, in <module>
    import numpy as np
ModuleNotFoundError: No module named 'numpy'
[10:05:16] ❌ Phase 1.1 FAILED (exit=1) after 0m 1s
Continuing to next phase...

──────────────────────────────────────────────────────────
[10:05:16] Starting Phase 1.2 ...
──────────────────────────────────────────────────────────
Traceback (most recent call last):
  File "/home/aelab-2/TMC_2026/paid-fd/scripts/run_all_experiments.py", line 43, in <module>
    import numpy as np
ModuleNotFoundError: No module named 'numpy'
[10:05:16] ❌ Phase 1.2 FAILED (exit=1) after 0m 0s
Continuing to next phase...

──────────────────────────────────────────────────────────
[10:05:16] Starting Phase 1.3 ...
──────────────────────────────────────────────────────────
Traceback (most recent call last):
  File "/home/aelab-2/TMC_2026/paid-fd/scripts/run_all_experiments.py", line 43, in <module>
    import numpy as np
ModuleNotFoundError: No module named 'numpy'
[10:05:16] ❌ Phase 1.3 FAILED (exit=1) after 0m 0s
Continuing to next phase...

──────────────────────────────────────────────────────────
[10:05:16] Starting Phase 1.4 ...
──────────────────────────────────────────────────────────
Traceback (most recent call last):
  File "/home/aelab-2/TMC_2026/paid-fd/scripts/run_all_experiments.py", line 43, in <module>
    import numpy as np
ModuleNotFoundError: No module named 'numpy'
[10:05:16] ❌ Phase 1.4 FAILED (exit=1) after 0m 0s
Continuing to next phase...

============================================================
 Phase 1 Complete!
 Finished: Mon Feb 23 10:05:16 CST 2026
 Total time: 0h 0m
============================================================

Result files:
-rw-rw-r-- 1 aelab-2 aelab-2 265014 Feb 23 09:59 results/experiments/phase1_gamma_seed42.json

Done. Check results with:
  python3 scripts/analyze_fix17.py
============================================================
 PAID-FD Phase 1 Complete Experiment Run
 Started: Mon Feb 23 17:10:47 CST 2026
 Seed: 42 | Rounds: 100 | Device: cuda
 Log: results/logs/phase1_run_20260223_171047.log
============================================================

──────────────────────────────────────────────────────────
[17:10:47] Starting Phase 1.1 ...
──────────────────────────────────────────────────────────
🖥️  Device: cuda
🎲 Seeds: [42]
🔄 Rounds: 100

⏭️  Skipping Phase 1.1: Gamma Sensitivity (results exist)

======================================================================
🏁 All done! Total time: 0s (0.0 min)
======================================================================
[17:10:48] ✅ Phase 1.1 completed in 0m 1s

──────────────────────────────────────────────────────────
[17:10:48] Starting Phase 1.2 ...
──────────────────────────────────────────────────────────
/home/aelab-2/.venv/lib/python3.12/site-packages/torchvision/datasets/cifar.py:83: VisibleDeprecationWarning: dtype(): align should be passed as Python or NumPy boolean but got `align=0`. Did you mean to pass a tuple to create a subarray type? (Deprecated NumPy 2.4)
  entry = pickle.load(f, encoding="latin1")
🖥️  Device: cuda
🎲 Seeds: [42]
🔄 Rounds: 100

======================================================================
Phase 1.2: Lambda Sensitivity Analysis
======================================================================
  ✓ Best γ = 300.0 (avg acc = 0.2338)
  Using best γ = 300.0 from Phase 1.1

--- Lambda_mult = 0.3 ---
  Seed 42:
[TMC Safe Mode] Split Report:
  Public (Server):  20000 samples (from Train)
  Private (Users):  30000 samples (from Train)
  Test (Evaluation):10000 samples (from Test)
  [Pre-training] 10 epochs on public data ...
    Epoch 1/10: loss=4.2378
    Epoch 10/10: loss=1.7267
  [Pre-training] Done. All local models will start from this checkpoint.
[17:14:26] ❌ Phase 1.2 FAILED (exit=143) after 3m 38s
Continuing to next phase...

──────────────────────────────────────────────────────────
[17:14:26] Starting Phase 1.3 ...
──────────────────────────────────────────────────────────
/home/aelab-2/.venv/lib/python3.12/site-packages/torchvision/datasets/cifar.py:83: VisibleDeprecationWarning: dtype(): align should be passed as Python or NumPy boolean but got `align=0`. Did you mean to pass a tuple to create a subarray type? (Deprecated NumPy 2.4)
  entry = pickle.load(f, encoding="latin1")
🖥️  Device: cuda
🎲 Seeds: [42]
🔄 Rounds: 100

======================================================================
Phase 1.3: N (Number of Devices) Sensitivity Analysis
======================================================================
  ✓ Best γ = 300.0 (avg acc = 0.2338)
  Using best γ = 300.0 from Phase 1.1

--- N = 10 devices ---
  Seed 42:
[TMC Safe Mode] Split Report:
  Public (Server):  20000 samples (from Train)
  Private (Users):  30000 samples (from Train)
  Test (Evaluation):10000 samples (from Test)
  [Pre-training] 10 epochs on public data ...
============================================================
 PAID-FD Phase 1 Complete Experiment Run
 Started: Mon Feb 23 17:25:54 CST 2026
 Seed: 42 | Rounds: 100 | Device: cuda
 Log: results/logs/phase1_run_20260223_172554.log
============================================================

──────────────────────────────────────────────────────────
[17:25:54] Starting Phase 1.1 ...
──────────────────────────────────────────────────────────
/home/aelab-2/TMC_2026/paid-fd/.venv/lib/python3.12/site-packages/torchvision/datasets/cifar.py:83: VisibleDeprecationWarning: dtype(): align should be passed as Python or NumPy boolean but got `align=0`. Did you mean to pass a tuple to create a subarray type? (Deprecated NumPy 2.4)
  entry = pickle.load(f, encoding="latin1")
🖥️  Device: cuda
🎲 Seeds: [42]
🔄 Rounds: 100

======================================================================
Phase 1.1: Gamma Sensitivity Analysis
======================================================================

--- Gamma = 3 ---
  Seed 42:
[TMC Safe Mode] Split Report:
  Public (Server):  20000 samples (from Train)
  Private (Users):  30000 samples (from Train)
  Test (Evaluation):10000 samples (from Test)
  [Pre-training] 10 epochs on public data ...
    Epoch 1/10: loss=4.2378
    Epoch 10/10: loss=1.7267
  [Pre-training] Done. All local models will start from this checkpoint.
    Round   0/100: acc=0.3596, loss=2.6345, part=0.38
    Round  10/100: acc=0.5138, loss=2.1111, part=0.38
    Round  20/100: acc=0.5637, loss=1.9132, part=0.38
    Round  30/100: acc=0.5753, loss=1.8868, part=0.38
    Round  40/100: acc=0.5907, loss=1.8805, part=0.38
    Round  50/100: acc=0.5998, loss=1.8701, part=0.38
    Round  60/100: acc=0.5964, loss=1.9041, part=0.38
    Round  70/100: acc=0.5975, loss=1.9076, part=0.38
    Round  80/100: acc=0.6004, loss=1.9426, part=0.38
    Round  90/100: acc=0.6101, loss=1.9155, part=0.38
    Round  99/100: acc=0.6033, loss=1.9319, part=0.38

--- Gamma = 5 ---
  Seed 42:
[TMC Safe Mode] Split Report:
  Public (Server):  20000 samples (from Train)
  Private (Users):  30000 samples (from Train)
  Test (Evaluation):10000 samples (from Test)
  [Pre-training] 10 epochs on public data ...
    Epoch 1/10: loss=4.2378
    Epoch 10/10: loss=1.7267
  [Pre-training] Done. All local models will start from this checkpoint.
    Round   0/100: acc=0.3835, loss=2.5812, part=0.70
    Round  10/100: acc=0.5121, loss=2.0667, part=0.70
    Round  20/100: acc=0.5675, loss=1.8989, part=0.70
    Round  30/100: acc=0.5913, loss=1.8508, part=0.70
    Round  40/100: acc=0.5886, loss=1.8787, part=0.70
    Round  50/100: acc=0.5892, loss=1.8998, part=0.70
    Round  60/100: acc=0.5965, loss=1.8924, part=0.70
    Round  70/100: acc=0.6020, loss=1.9058, part=0.70
    Round  80/100: acc=0.6002, loss=1.9096, part=0.70
    Round  90/100: acc=0.6026, loss=1.8977, part=0.70
    Round  99/100: acc=0.6108, loss=1.9036, part=0.70

--- Gamma = 7 ---
  Seed 42:
[TMC Safe Mode] Split Report:
  Public (Server):  20000 samples (from Train)
  Private (Users):  30000 samples (from Train)
  Test (Evaluation):10000 samples (from Test)
  [Pre-training] 10 epochs on public data ...
    Epoch 1/10: loss=4.2378
    Epoch 10/10: loss=1.7267
  [Pre-training] Done. All local models will start from this checkpoint.
    Round   0/100: acc=0.3870, loss=2.5760, part=0.86
    Round  10/100: acc=0.5121, loss=2.1210, part=0.86
    Round  20/100: acc=0.5543, loss=1.9324, part=0.86
    Round  30/100: acc=0.5764, loss=1.8873, part=0.86
    Round  40/100: acc=0.5815, loss=1.8973, part=0.86
    Round  50/100: acc=0.5954, loss=1.9009, part=0.86
    Round  60/100: acc=0.5900, loss=1.9318, part=0.86
    Round  70/100: acc=0.5991, loss=1.9137, part=0.86
    Round  80/100: acc=0.5988, loss=1.9296, part=0.86
    Round  90/100: acc=0.6087, loss=1.9180, part=0.86
    Round  99/100: acc=0.6075, loss=1.8995, part=0.86

--- Gamma = 10 ---
  Seed 42:
[TMC Safe Mode] Split Report:
  Public (Server):  20000 samples (from Train)
  Private (Users):  30000 samples (from Train)
  Test (Evaluation):10000 samples (from Test)
  [Pre-training] 10 epochs on public data ...
    Epoch 1/10: loss=4.2378
    Epoch 10/10: loss=1.7267
  [Pre-training] Done. All local models will start from this checkpoint.
    Round   0/100: acc=0.3635, loss=2.6263, part=1.00
    Round  10/100: acc=0.5116, loss=2.1176, part=1.00
    Round  20/100: acc=0.5643, loss=1.9242, part=1.00
    Round  30/100: acc=0.5769, loss=1.9069, part=1.00
    Round  40/100: acc=0.5790, loss=1.9172, part=1.00
    Round  50/100: acc=0.5874, loss=1.9031, part=1.00
    Round  60/100: acc=0.5920, loss=1.9165, part=1.00
    Round  70/100: acc=0.5941, loss=1.9235, part=1.00
    Round  80/100: acc=0.5933, loss=1.9279, part=1.00
    Round  90/100: acc=0.5976, loss=1.9250, part=1.00
    Round  99/100: acc=0.6033, loss=1.9076, part=1.00

--- Gamma = 15 ---
  Seed 42:
[TMC Safe Mode] Split Report:
  Public (Server):  20000 samples (from Train)
  Private (Users):  30000 samples (from Train)
  Test (Evaluation):10000 samples (from Test)
  [Pre-training] 10 epochs on public data ...
    Epoch 1/10: loss=4.2378
    Epoch 10/10: loss=1.7267
  [Pre-training] Done. All local models will start from this checkpoint.
    Round   0/100: acc=0.3645, loss=2.6267, part=1.00
    Round  10/100: acc=0.5138, loss=2.1139, part=1.00
    Round  20/100: acc=0.5620, loss=1.9303, part=1.00
    Round  30/100: acc=0.5737, loss=1.9212, part=1.00
    Round  40/100: acc=0.5788, loss=1.9051, part=1.00
    Round  50/100: acc=0.5900, loss=1.9080, part=1.00
    Round  60/100: acc=0.5924, loss=1.9092, part=1.00
    Round  70/100: acc=0.5956, loss=1.9297, part=1.00
    Round  80/100: acc=0.5939, loss=1.9325, part=1.00
    Round  90/100: acc=0.5941, loss=1.9512, part=1.00
    Round  99/100: acc=0.5990, loss=1.9106, part=1.00
  💾 Saved: /home/aelab-2/TMC_2026/paid-fd/results/experiments/phase1_gamma_seed42.json

✅ Phase 1.1: Gamma Sensitivity completed in 29458s

======================================================================
🏁 All done! Total time: 29458s (491.0 min)
======================================================================
[01:36:53] ✅ Phase 1.1 completed in 490m 59s

──────────────────────────────────────────────────────────
[01:36:53] Starting Phase 1.2 ...
──────────────────────────────────────────────────────────
/home/aelab-2/TMC_2026/paid-fd/.venv/lib/python3.12/site-packages/torchvision/datasets/cifar.py:83: VisibleDeprecationWarning: dtype(): align should be passed as Python or NumPy boolean but got `align=0`. Did you mean to pass a tuple to create a subarray type? (Deprecated NumPy 2.4)
  entry = pickle.load(f, encoding="latin1")
🖥️  Device: cuda
🎲 Seeds: [42]
🔄 Rounds: 100

======================================================================
Phase 1.2: Lambda Sensitivity Analysis
======================================================================
  ℹ️  Using per-seed file: phase1_gamma_seed42.json
  ✓ Best γ = 5.0 (avg acc = 0.6108)
  Using best γ = 5.0 from Phase 1.1

--- Lambda_mult = 0.3 ---
  Seed 42:
[TMC Safe Mode] Split Report:
  Public (Server):  20000 samples (from Train)
  Private (Users):  30000 samples (from Train)
  Test (Evaluation):10000 samples (from Test)
  [Pre-training] 10 epochs on public data ...
    Epoch 1/10: loss=4.2378
    Epoch 10/10: loss=1.7267
  [Pre-training] Done. All local models will start from this checkpoint.
    Round   0/100: acc=0.4015, loss=2.5258, part=0.86
    Round  10/100: acc=0.5117, loss=2.1166, part=0.86
    Round  20/100: acc=0.5632, loss=1.9163, part=0.86
    Round  30/100: acc=0.5852, loss=1.8602, part=0.86
    Round  40/100: acc=0.5905, loss=1.8926, part=0.86
    Round  50/100: acc=0.5934, loss=1.9062, part=0.86
    Round  60/100: acc=0.5964, loss=1.9352, part=0.86
    Round  70/100: acc=0.6057, loss=1.9056, part=0.86
    Round  80/100: acc=0.6021, loss=1.9111, part=0.86
    Round  90/100: acc=0.6081, loss=1.8996, part=0.86
    Round  99/100: acc=0.6119, loss=1.8841, part=0.86

--- Lambda_mult = 0.5 ---
  Seed 42:
[TMC Safe Mode] Split Report:
  Public (Server):  20000 samples (from Train)
  Private (Users):  30000 samples (from Train)
  Test (Evaluation):10000 samples (from Test)
  [Pre-training] 10 epochs on public data ...
    Epoch 1/10: loss=4.2378
    Epoch 10/10: loss=1.7267
  [Pre-training] Done. All local models will start from this checkpoint.
    Round   0/100: acc=0.3686, loss=2.5897, part=0.82
    Round  10/100: acc=0.5074, loss=2.1096, part=0.82
    Round  20/100: acc=0.5595, loss=1.9501, part=0.82
    Round  30/100: acc=0.5815, loss=1.8835, part=0.82
    Round  40/100: acc=0.5828, loss=1.9057, part=0.82
    Round  50/100: acc=0.5896, loss=1.9108, part=0.82
    Round  60/100: acc=0.5982, loss=1.9097, part=0.82
    Round  70/100: acc=0.6020, loss=1.9052, part=0.82
    Round  80/100: acc=0.6049, loss=1.9045, part=0.82
    Round  90/100: acc=0.5960, loss=1.9134, part=0.82
    Round  99/100: acc=0.6096, loss=1.8897, part=0.82

--- Lambda_mult = 1.0 ---
  Seed 42:
[TMC Safe Mode] Split Report:
  Public (Server):  20000 samples (from Train)
  Private (Users):  30000 samples (from Train)
  Test (Evaluation):10000 samples (from Test)
  [Pre-training] 10 epochs on public data ...
    Epoch 1/10: loss=4.2378
    Epoch 10/10: loss=1.7267
  [Pre-training] Done. All local models will start from this checkpoint.
    Round   0/100: acc=0.3835, loss=2.5812, part=0.70
    Round  10/100: acc=0.5121, loss=2.0667, part=0.70
    Round  20/100: acc=0.5675, loss=1.8989, part=0.70
    Round  30/100: acc=0.5913, loss=1.8508, part=0.70
    Round  40/100: acc=0.5886, loss=1.8787, part=0.70
    Round  50/100: acc=0.5892, loss=1.8998, part=0.70
    Round  60/100: acc=0.5965, loss=1.8924, part=0.70
    Round  70/100: acc=0.6020, loss=1.9058, part=0.70
    Round  80/100: acc=0.6002, loss=1.9096, part=0.70
    Round  90/100: acc=0.6026, loss=1.8977, part=0.70
    Round  99/100: acc=0.6108, loss=1.9036, part=0.70

--- Lambda_mult = 2.0 ---
  Seed 42:
[TMC Safe Mode] Split Report:
  Public (Server):  20000 samples (from Train)
  Private (Users):  30000 samples (from Train)
  Test (Evaluation):10000 samples (from Test)
  [Pre-training] 10 epochs on public data ...
    Epoch 1/10: loss=4.2378
    Epoch 10/10: loss=1.7267
  [Pre-training] Done. All local models will start from this checkpoint.
    Round   0/100: acc=0.3564, loss=2.6457, part=0.38
    Round  10/100: acc=0.5150, loss=2.1101, part=0.38
    Round  20/100: acc=0.5563, loss=1.9245, part=0.38
    Round  30/100: acc=0.5805, loss=1.8830, part=0.38
    Round  40/100: acc=0.5892, loss=1.8870, part=0.38
    Round  50/100: acc=0.5936, loss=1.8721, part=0.38
    Round  60/100: acc=0.5953, loss=1.9067, part=0.38
    Round  70/100: acc=0.6013, loss=1.8977, part=0.38
    Round  80/100: acc=0.5974, loss=1.9416, part=0.38
    Round  90/100: acc=0.6081, loss=1.9137, part=0.38
    Round  99/100: acc=0.6002, loss=1.9326, part=0.38

--- Lambda_mult = 3.0 ---
  Seed 42:
[TMC Safe Mode] Split Report:
  Public (Server):  20000 samples (from Train)
  Private (Users):  30000 samples (from Train)
  Test (Evaluation):10000 samples (from Test)
  [Pre-training] 10 epochs on public data ...
    Epoch 1/10: loss=4.2378
    Epoch 10/10: loss=1.7267
  [Pre-training] Done. All local models will start from this checkpoint.
    Round   0/100: acc=0.3521, loss=2.6530, part=0.38
    Round  10/100: acc=0.5092, loss=2.1163, part=0.38
    Round  20/100: acc=0.5583, loss=1.9362, part=0.38
    Round  30/100: acc=0.5756, loss=1.8955, part=0.38
    Round  40/100: acc=0.5850, loss=1.9037, part=0.38
    Round  50/100: acc=0.5948, loss=1.8748, part=0.38
    Round  60/100: acc=0.5925, loss=1.9060, part=0.38
    Round  70/100: acc=0.5999, loss=1.9097, part=0.38
    Round  80/100: acc=0.5967, loss=1.9187, part=0.38
    Round  90/100: acc=0.6037, loss=1.9169, part=0.38
    Round  99/100: acc=0.5952, loss=1.9510, part=0.38
  💾 Saved: /home/aelab-2/TMC_2026/paid-fd/results/experiments/phase1_lambda_seed42.json

✅ Phase 1.2: Lambda Sensitivity completed in 22955s

======================================================================
🏁 All done! Total time: 22955s (382.6 min)
======================================================================
[07:59:30] ✅ Phase 1.2 completed in 382m 37s

──────────────────────────────────────────────────────────
[07:59:30] Starting Phase 1.3 ...
──────────────────────────────────────────────────────────
/home/aelab-2/TMC_2026/paid-fd/.venv/lib/python3.12/site-packages/torchvision/datasets/cifar.py:83: VisibleDeprecationWarning: dtype(): align should be passed as Python or NumPy boolean but got `align=0`. Did you mean to pass a tuple to create a subarray type? (Deprecated NumPy 2.4)
  entry = pickle.load(f, encoding="latin1")
🖥️  Device: cuda
🎲 Seeds: [42]
🔄 Rounds: 100

======================================================================
Phase 1.3: N (Number of Devices) Sensitivity Analysis
======================================================================
  ℹ️  Using per-seed file: phase1_gamma_seed42.json
  ✓ Best γ = 5.0 (avg acc = 0.6108)
  Using best γ = 5.0 from Phase 1.1

--- N = 10 devices ---
  Seed 42:
[TMC Safe Mode] Split Report:
  Public (Server):  20000 samples (from Train)
  Private (Users):  30000 samples (from Train)
  Test (Evaluation):10000 samples (from Test)
  [Pre-training] 10 epochs on public data ...
    Epoch 1/10: loss=4.2378
    Epoch 10/10: loss=1.7267
  [Pre-training] Done. All local models will start from this checkpoint.
    Round   0/100: acc=0.3175, loss=2.8074, part=0.80
    Round  10/100: acc=0.5060, loss=2.1288, part=0.80
    Round  20/100: acc=0.5533, loss=1.9396, part=0.80
    Round  30/100: acc=0.5787, loss=1.8787, part=0.80
    Round  40/100: acc=0.5973, loss=1.8690, part=0.80
    Round  50/100: acc=0.5961, loss=1.8858, part=0.80
    Round  60/100: acc=0.5880, loss=1.9180, part=0.80
    Round  70/100: acc=0.6008, loss=1.8662, part=0.80
    Round  80/100: acc=0.5951, loss=1.9102, part=0.80
    Round  90/100: acc=0.6036, loss=1.8903, part=0.80
    Round  99/100: acc=0.6069, loss=1.8814, part=0.80

--- N = 20 devices ---
  Seed 42:
[TMC Safe Mode] Split Report:
  Public (Server):  20000 samples (from Train)
  Private (Users):  30000 samples (from Train)
  Test (Evaluation):10000 samples (from Test)
  [Pre-training] 10 epochs on public data ...
    Epoch 1/10: loss=4.2378
    Epoch 10/10: loss=1.7267
  [Pre-training] Done. All local models will start from this checkpoint.
[08:46:28] ❌ Phase 1.3 FAILED (exit=143) after 46m 58s
Continuing to next phase...

──────────────────────────────────────────────────────────
[08:46:28] Starting Phase 1.4 ...
──────────────────────────────────────────────────────────
/home/aelab-2/TMC_2026/paid-fd/.venv/lib/python3.12/site-packages/torchvision/datasets/cifar.py:83: VisibleDeprecationWarning: dtype(): align should be passed as Python or NumPy boolean but got `align=0`. Did you mean to pass a tuple to create a subarray type? (Deprecated NumPy 2.4)
  entry = pickle.load(f, encoding="latin1")
🖥️  Device: cuda
🎲 Seeds: [42]
🔄 Rounds: 100

======================================================================
Phase 1.4: Clip Bound (C) Sensitivity Analysis
======================================================================
  ℹ️  Using per-seed file: phase1_gamma_seed42.json
  ✓ Best γ = 5.0 (avg acc = 0.6108)
  Using best γ = 5.0 from Phase 1.1

--- Clip bound C = 1 ---
  Seed 42:
[TMC Safe Mode] Split Report:
  Public (Server):  20000 samples (from Train)
  Private (Users):  30000 samples (from Train)
  Test (Evaluation):10000 samples (from Test)
  [Pre-training] 10 epochs on public data ...
    Epoch 1/10: loss=4.2378
    Epoch 10/10: loss=1.7267
  [Pre-training] Done. All local models will start from this checkpoint.
[08:48:29] ❌ Phase 1.4 FAILED (exit=137) after 2m 1s
Continuing to next phase...

============================================================
 Phase 1 Complete!
 Finished: Tue Feb 24 08:48:29 CST 2026
 Total time: 15h 22m
============================================================

Result files:
-rw-rw-r-- 1 aelab-2 aelab-2 332132 Feb 24 01:36 results/experiments/phase1_gamma_seed42.json
-rw-rw-r-- 1 aelab-2 aelab-2 330547 Feb 24 07:59 results/experiments/phase1_lambda_seed42.json

Done. Check results with:
  python3 scripts/analyze_fix17.py
🖥 Using device: cuda
  GPU: NVIDIA GeForce RTX 5070 Ti

============================================================
  Exp 1: PAID-FD, seed=42, 3 rounds
============================================================
[TMC Safe Mode] Split Report:
  Public (Server):  20000 samples (from Train)
  Private (Users):  30000 samples (from Train)
  Test (Evaluation):10000 samples (from Test)
  [Pre-training] 10 epochs on public data ...
    Epoch 1/10: loss=4.2905
    Epoch 10/10: loss=1.7921
  [Pre-training] Done. All local models will start from this checkpoint.
    Round   0/3: acc=0.3718, loss=2.6486, part=0.70
    Round   2/3: acc=0.4297, loss=2.4041, part=0.70
  → PAID-FD seed=42: final=0.4297, best=0.4297, time=184s

============================================================
  Exp 1: Fixed-eps-0.5, seed=42, 3 rounds
============================================================
[TMC Safe Mode] Split Report:
  Public (Server):  20000 samples (from Train)
  Private (Users):  30000 samples (from Train)
  Test (Evaluation):10000 samples (from Test)
  [Fixed-eps Pre-training] 10 epochs on public data ...
    Epoch 1/10
    Epoch 5/10
    Epoch 10/10
  [Fixed-eps Pre-training] Done.
    Round   0/3: acc=0.3680, loss=2.6264, part=1.00
    Round   2/3: acc=0.4142, loss=2.4822, part=1.00
  → Fixed-eps-0.5 seed=42: final=0.4142, best=0.4142, time=242s

============================================================
  Exp 1: Fixed-eps-1.0, seed=42, 3 rounds
============================================================
[TMC Safe Mode] Split Report:
  Public (Server):  20000 samples (from Train)
  Private (Users):  30000 samples (from Train)
  Test (Evaluation):10000 samples (from Test)
  [Fixed-eps Pre-training] 10 epochs on public data ...
    Epoch 1/10
    Epoch 5/10
    Epoch 10/10
  [Fixed-eps Pre-training] Done.
    Round   0/3: acc=0.3751, loss=2.5936, part=1.00
    Round   2/3: acc=0.4120, loss=2.4882, part=1.00
  → Fixed-eps-1.0 seed=42: final=0.4120, best=0.4120, time=244s

============================================================
  Exp 1: FedAvg, seed=42, 3 rounds
============================================================
[TMC Safe Mode] Split Report:
  Public (Server):  20000 samples (from Train)
  Private (Users):  30000 samples (from Train)
  Test (Evaluation):10000 samples (from Test)
    Round   0/3: acc=0.0225, loss=4.5637, part=0.50
    Round   2/3: acc=0.0707, loss=4.1085, part=0.50
  → FedAvg seed=42: final=0.0707, best=0.0707, time=93s

============================================================
  Exp 1: FedMD, seed=42, 3 rounds
============================================================
[TMC Safe Mode] Split Report:
  Public (Server):  20000 samples (from Train)
  Private (Users):  30000 samples (from Train)
  Test (Evaluation):10000 samples (from Test)
  [FedMD Pre-training] 10 epochs on public data ...
    Epoch 1/10
    Epoch 5/10
    Epoch 10/10
  [FedMD Pre-training] Done.
    Round   0/3: acc=0.3637, loss=2.4920, part=1.00
    Round   2/3: acc=0.3738, loss=2.5173, part=1.00
  → FedMD seed=42: final=0.3738, best=0.3738, time=239s

============================================================
  Exp 1: FedGMKD, seed=42, 3 rounds
============================================================
[TMC Safe Mode] Split Report:
  Public (Server):  20000 samples (from Train)
  Private (Users):  30000 samples (from Train)
  Test (Evaluation):10000 samples (from Test)
    Round   0/3: acc=0.0231, loss=4.5545, part=1.00
    Round   2/3: acc=0.0861, loss=4.1373, part=1.00
  → FedGMKD seed=42: final=0.0861, best=0.0861, time=272s

============================================================
  Exp 1: CSRA, seed=42, 3 rounds
============================================================
[TMC Safe Mode] Split Report:
  Public (Server):  20000 samples (from Train)
  Private (Users):  30000 samples (from Train)
  Test (Evaluation):10000 samples (from Test)
    Round   0/3: acc=0.0100, loss=nan, part=0.32
    Round   2/3: acc=0.0100, loss=nan, part=0.34
  → CSRA seed=42: final=0.0100, best=0.0100, time=78s

✅ Exp 1 saved to results/experiments/routeB_exp1_comparison.json

============================================================
  Exp 6: Full (PAID-FD), seed=42, 3 rounds
  Flags: {'use_blue': True, 'use_ema': True, 'use_mixed_loss': True, 'use_ldp': True}
============================================================
[TMC Safe Mode] Split Report:
  Public (Server):  20000 samples (from Train)
  Private (Users):  30000 samples (from Train)
  Test (Evaluation):10000 samples (from Test)
  [Pre-training] 10 epochs on public data ...
    Epoch 1/10: loss=4.2905
    Epoch 10/10: loss=1.7921
  [Pre-training] Done. All local models will start from this checkpoint.
    Round   0/3: acc=0.3718, loss=2.6486, part=0.70
    Round   2/3: acc=0.4297, loss=2.4041, part=0.70
  → Full (PAID-FD) seed=42: final=0.4297, best=0.4297, time=187s

============================================================
  Exp 6: No-EMA, seed=42, 3 rounds
  Flags: {'use_blue': True, 'use_ema': False, 'use_mixed_loss': True, 'use_ldp': True}
============================================================
[TMC Safe Mode] Split Report:
  Public (Server):  20000 samples (from Train)
  Private (Users):  30000 samples (from Train)
  Test (Evaluation):10000 samples (from Test)
  [Pre-training] 10 epochs on public data ...
    Epoch 1/10: loss=4.2905
    Epoch 10/10: loss=1.7921
  [Pre-training] Done. All local models will start from this checkpoint.
    Round   0/3: acc=0.3718, loss=2.6486, part=0.70
    Round   2/3: acc=0.4262, loss=2.4238, part=0.70
  → No-EMA seed=42: final=0.4262, best=0.4262, time=186s

============================================================
  Exp 6: No-BLUE, seed=42, 3 rounds
  Flags: {'use_blue': False, 'use_ema': True, 'use_mixed_loss': True, 'use_ldp': True}
============================================================
[TMC Safe Mode] Split Report:
  Public (Server):  20000 samples (from Train)
  Private (Users):  30000 samples (from Train)
  Test (Evaluation):10000 samples (from Test)
  [Pre-training] 10 epochs on public data ...
    Epoch 1/10: loss=4.2905
    Epoch 10/10: loss=1.7921
  [Pre-training] Done. All local models will start from this checkpoint.
    Round   0/3: acc=0.3664, loss=2.6519, part=0.70
    Round   2/3: acc=0.4303, loss=2.4045, part=0.70
  → No-BLUE seed=42: final=0.4303, best=0.4303, time=187s

============================================================
  Exp 6: No-CE (pure KL), seed=42, 3 rounds
  Flags: {'use_blue': True, 'use_ema': True, 'use_mixed_loss': False, 'use_ldp': True}
============================================================
[TMC Safe Mode] Split Report:
  Public (Server):  20000 samples (from Train)
  Private (Users):  30000 samples (from Train)
  Test (Evaluation):10000 samples (from Test)
  [Pre-training] 10 epochs on public data ...
    Epoch 1/10: loss=4.2905
    Epoch 10/10: loss=1.7921
  [Pre-training] Done. All local models will start from this checkpoint.
    Round   0/3: acc=0.3041, loss=3.1446, part=0.70
    Round   2/3: acc=0.2908, loss=3.1898, part=0.70
  → No-CE (pure KL) seed=42: final=0.2908, best=0.3182, time=186s

============================================================
  Exp 6: Bare-FD, seed=42, 3 rounds
  Flags: {'use_blue': False, 'use_ema': False, 'use_mixed_loss': False, 'use_ldp': True}
============================================================
[TMC Safe Mode] Split Report:
  Public (Server):  20000 samples (from Train)
  Private (Users):  30000 samples (from Train)
  Test (Evaluation):10000 samples (from Test)
  [Pre-training] 10 epochs on public data ...
    Epoch 1/10: loss=4.2905
    Epoch 10/10: loss=1.7921
  [Pre-training] Done. All local models will start from this checkpoint.
    Round   0/3: acc=0.2963, loss=3.1542, part=0.70
    Round   2/3: acc=0.3030, loss=3.1739, part=0.70
  → Bare-FD seed=42: final=0.3030, best=0.3113, time=187s

============================================================
  Exp 6: No-LDP (oracle), seed=42, 3 rounds
  Flags: {'use_blue': True, 'use_ema': True, 'use_mixed_loss': True, 'use_ldp': False}
============================================================
[TMC Safe Mode] Split Report:
  Public (Server):  20000 samples (from Train)
  Private (Users):  30000 samples (from Train)
  Test (Evaluation):10000 samples (from Test)
  [Pre-training] 10 epochs on public data ...
    Epoch 1/10: loss=4.2905
    Epoch 10/10: loss=1.7921
  [Pre-training] Done. All local models will start from this checkpoint.
    Round   0/3: acc=0.3874, loss=2.5848, part=0.70
    Round   2/3: acc=0.4313, loss=2.3843, part=0.70
  → No-LDP (oracle) seed=42: final=0.4313, best=0.4313, time=183s

✅ Exp 6 saved to results/experiments/routeB_exp6_ablation.json

🏁 All requested experiments complete!
🖥 Using device: cuda
  GPU: NVIDIA GeForce RTX 5070 Ti

============================================================
  Exp 1: PAID-FD, seed=42, 100 rounds
============================================================
[TMC Safe Mode] Split Report:
  Public (Server):  20000 samples (from Train)
  Private (Users):  30000 samples (from Train)
  Test (Evaluation):10000 samples (from Test)
  [Pre-training] 10 epochs on public data ...
    Epoch 1/10: loss=4.2905
    Epoch 10/10: loss=1.7921
  [Pre-training] Done. All local models will start from this checkpoint.
    Round   0/100: acc=0.3718, loss=2.6486, part=0.70
    Round  10/100: acc=0.5013, loss=2.1295, part=0.70
    Round  20/100: acc=0.5615, loss=1.9204, part=0.70
    Round  30/100: acc=0.5814, loss=1.8808, part=0.70
    Round  40/100: acc=0.5846, loss=1.9044, part=0.70
    Round  50/100: acc=0.5835, loss=1.9164, part=0.70
    Round  60/100: acc=0.5898, loss=1.9231, part=0.70
    Round  70/100: acc=0.5965, loss=1.9146, part=0.70
    Round  80/100: acc=0.5951, loss=1.9430, part=0.70
    Round  90/100: acc=0.5960, loss=1.9390, part=0.70
    Round  99/100: acc=0.5935, loss=1.9570, part=0.70
  → PAID-FD seed=42: final=0.5935, best=0.6014, time=5098s

============================================================
  Exp 1: Fixed-eps-0.5, seed=42, 100 rounds
============================================================
[TMC Safe Mode] Split Report:
  Public (Server):  20000 samples (from Train)
  Private (Users):  30000 samples (from Train)
  Test (Evaluation):10000 samples (from Test)
  [Fixed-eps Pre-training] 10 epochs on public data ...
    Epoch 1/10
    Epoch 5/10
    Epoch 10/10
  [Fixed-eps Pre-training] Done.
    Round   0/100: acc=0.3680, loss=2.6264, part=1.00
    Round  10/100: acc=0.4836, loss=2.1839, part=1.00
    Round  20/100: acc=0.5577, loss=1.9283, part=1.00
    Round  30/100: acc=0.5788, loss=1.9090, part=1.00
    Round  40/100: acc=0.5919, loss=1.8799, part=1.00
    Round  50/100: acc=0.5934, loss=1.9106, part=1.00
    Round  60/100: acc=0.5953, loss=1.9161, part=1.00
    Round  70/100: acc=0.5975, loss=1.9347, part=1.00
    Round  80/100: acc=0.5999, loss=1.9470, part=1.00
    Round  90/100: acc=0.5968, loss=1.9289, part=1.00
    Round  99/100: acc=0.6022, loss=1.9275, part=1.00
  → Fixed-eps-0.5 seed=42: final=0.6022, best=0.6055, time=7062s

============================================================
  Exp 1: Fixed-eps-1.0, seed=42, 100 rounds
============================================================
[TMC Safe Mode] Split Report:
  Public (Server):  20000 samples (from Train)
  Private (Users):  30000 samples (from Train)
  Test (Evaluation):10000 samples (from Test)
  [Fixed-eps Pre-training] 10 epochs on public data ...
    Epoch 1/10
    Epoch 5/10
    Epoch 10/10
  [Fixed-eps Pre-training] Done.
    Round   0/100: acc=0.3751, loss=2.5936, part=1.00
    Round  10/100: acc=0.4946, loss=2.1729, part=1.00
    Round  20/100: acc=0.5670, loss=1.9265, part=1.00
    Round  30/100: acc=0.5809, loss=1.9006, part=1.00
    Round  40/100: acc=0.5921, loss=1.8711, part=1.00
    Round  50/100: acc=0.5977, loss=1.8830, part=1.00
    Round  60/100: acc=0.5990, loss=1.9045, part=1.00
    Round  70/100: acc=0.6011, loss=1.9396, part=1.00
    Round  80/100: acc=0.6018, loss=1.9321, part=1.00
    Round  90/100: acc=0.6053, loss=1.9266, part=1.00
    Round  99/100: acc=0.6062, loss=1.9082, part=1.00
  → Fixed-eps-1.0 seed=42: final=0.6062, best=0.6099, time=7062s

============================================================
  Exp 1: FedAvg, seed=42, 100 rounds
============================================================
[TMC Safe Mode] Split Report:
  Public (Server):  20000 samples (from Train)
  Private (Users):  30000 samples (from Train)
  Test (Evaluation):10000 samples (from Test)
    Round   0/100: acc=0.0225, loss=4.5637, part=0.50
    Round  10/100: acc=0.1508, loss=3.5994, part=0.50
    Round  20/100: acc=0.2100, loss=3.2317, part=0.50
    Round  30/100: acc=0.2626, loss=2.9796, part=0.50
    Round  40/100: acc=0.3385, loss=2.6026, part=0.50
    Round  50/100: acc=0.3646, loss=2.4596, part=0.50
    Round  60/100: acc=0.3882, loss=2.3578, part=0.50
    Round  70/100: acc=0.4098, loss=2.2570, part=0.50
    Round  80/100: acc=0.4317, loss=2.1811, part=0.50
    Round  90/100: acc=0.4443, loss=2.1534, part=0.50
    Round  99/100: acc=0.4516, loss=2.1316, part=0.50
  → FedAvg seed=42: final=0.4516, best=0.4585, time=3100s

============================================================
  Exp 1: FedMD, seed=42, 100 rounds
============================================================
[TMC Safe Mode] Split Report:
  Public (Server):  20000 samples (from Train)
  Private (Users):  30000 samples (from Train)
  Test (Evaluation):10000 samples (from Test)
  [FedMD Pre-training] 10 epochs on public data ...
    Epoch 1/10
    Epoch 5/10
    Epoch 10/10
  [FedMD Pre-training] Done.
    Round   0/100: acc=0.3637, loss=2.4920, part=1.00
    Round  10/100: acc=0.3635, loss=2.5732, part=1.00
    Round  20/100: acc=0.3718, loss=2.5600, part=1.00
    Round  30/100: acc=0.3636, loss=2.5668, part=1.00
    Round  40/100: acc=0.3553, loss=2.5879, part=1.00
    Round  50/100: acc=0.3517, loss=2.6008, part=1.00
    Round  60/100: acc=0.3328, loss=2.6247, part=1.00
    Round  70/100: acc=0.3403, loss=2.6083, part=1.00
    Round  80/100: acc=0.3453, loss=2.6068, part=1.00
    Round  90/100: acc=0.3333, loss=2.6250, part=1.00
    Round  99/100: acc=0.3586, loss=2.5955, part=1.00
  → FedMD seed=42: final=0.3586, best=0.3901, time=6879s

============================================================
  Exp 1: FedGMKD, seed=42, 100 rounds
============================================================
[TMC Safe Mode] Split Report:
  Public (Server):  20000 samples (from Train)
  Private (Users):  30000 samples (from Train)
  Test (Evaluation):10000 samples (from Test)
    Round   0/100: acc=0.0231, loss=4.5545, part=1.00
    Round  10/100: acc=0.1714, loss=3.6309, part=1.00
    Round  20/100: acc=0.2445, loss=3.2248, part=1.00
    Round  30/100: acc=0.3049, loss=2.9289, part=1.00
    Round  40/100: acc=0.3476, loss=2.6867, part=1.00
    Round  50/100: acc=0.3797, loss=2.5193, part=1.00
    Round  60/100: acc=0.4078, loss=2.3844, part=1.00
    Round  70/100: acc=0.4291, loss=2.2890, part=1.00
    Round  80/100: acc=0.4443, loss=2.2151, part=1.00
    Round  90/100: acc=0.4595, loss=2.1701, part=1.00
    Round  99/100: acc=0.4687, loss=2.1393, part=1.00
  → FedGMKD seed=42: final=0.4687, best=0.4687, time=9692s

============================================================
  Exp 1: CSRA, seed=42, 100 rounds
============================================================
[TMC Safe Mode] Split Report:
  Public (Server):  20000 samples (from Train)
  Private (Users):  30000 samples (from Train)
  Test (Evaluation):10000 samples (from Test)
    Round   0/100: acc=0.0100, loss=nan, part=0.32
    Round  10/100: acc=0.0100, loss=nan, part=0.32
    Round  20/100: acc=0.0100, loss=nan, part=0.34
    Round  30/100: acc=0.0100, loss=nan, part=0.32
    Round  40/100: acc=0.0100, loss=nan, part=0.34
    Round  50/100: acc=0.0100, loss=nan, part=0.34
    Round  60/100: acc=0.0100, loss=nan, part=0.32
    Round  70/100: acc=0.0100, loss=nan, part=0.34
    Round  80/100: acc=0.0100, loss=nan, part=0.32
    Round  90/100: acc=0.0100, loss=nan, part=0.32
    Round  99/100: acc=0.0100, loss=nan, part=0.32
  → CSRA seed=42: final=0.0100, best=0.0100, time=2506s

✅ Exp 1 saved to results/experiments/routeB_exp1_comparison.json

============================================================
  Exp 6: Full (PAID-FD), seed=42, 100 rounds
  Flags: {'use_blue': True, 'use_ema': True, 'use_mixed_loss': True, 'use_ldp': True}
============================================================
[TMC Safe Mode] Split Report:
  Public (Server):  20000 samples (from Train)
  Private (Users):  30000 samples (from Train)
  Test (Evaluation):10000 samples (from Test)
  [Pre-training] 10 epochs on public data ...
    Epoch 1/10: loss=4.2905
    Epoch 10/10: loss=1.7921
  [Pre-training] Done. All local models will start from this checkpoint.
    Round   0/100: acc=0.3718, loss=2.6486, part=0.70
    Round  10/100: acc=0.5013, loss=2.1295, part=0.70
    Round  20/100: acc=0.5615, loss=1.9204, part=0.70
    Round  30/100: acc=0.5814, loss=1.8808, part=0.70
    Round  40/100: acc=0.5846, loss=1.9044, part=0.70
    Round  50/100: acc=0.5835, loss=1.9164, part=0.70
    Round  60/100: acc=0.5898, loss=1.9231, part=0.70
    Round  70/100: acc=0.5965, loss=1.9146, part=0.70
    Round  80/100: acc=0.5951, loss=1.9430, part=0.70
    Round  90/100: acc=0.5960, loss=1.9390, part=0.70
    Round  99/100: acc=0.5935, loss=1.9570, part=0.70
  → Full (PAID-FD) seed=42: final=0.5935, best=0.6014, time=5110s

============================================================
  Exp 6: No-EMA, seed=42, 100 rounds
  Flags: {'use_blue': True, 'use_ema': False, 'use_mixed_loss': True, 'use_ldp': True}
============================================================
[TMC Safe Mode] Split Report:
  Public (Server):  20000 samples (from Train)
  Private (Users):  30000 samples (from Train)
  Test (Evaluation):10000 samples (from Test)
  [Pre-training] 10 epochs on public data ...
    Epoch 1/10: loss=4.2905
    Epoch 10/10: loss=1.7921
  [Pre-training] Done. All local models will start from this checkpoint.
    Round   0/100: acc=0.3718, loss=2.6486, part=0.70
    Round  10/100: acc=0.5103, loss=2.0987, part=0.70
    Round  20/100: acc=0.5597, loss=1.9051, part=0.70
    Round  30/100: acc=0.5782, loss=1.8584, part=0.70
    Round  40/100: acc=0.5819, loss=1.8699, part=0.70
    Round  50/100: acc=0.5878, loss=1.8843, part=0.70
    Round  60/100: acc=0.5888, loss=1.9020, part=0.70
    Round  70/100: acc=0.6003, loss=1.8928, part=0.70
    Round  80/100: acc=0.5953, loss=1.9169, part=0.70
    Round  90/100: acc=0.5986, loss=1.9147, part=0.70
    Round  99/100: acc=0.6005, loss=1.9111, part=0.70
  → No-EMA seed=42: final=0.6005, best=0.6033, time=5114s

============================================================
  Exp 6: No-BLUE, seed=42, 100 rounds
  Flags: {'use_blue': False, 'use_ema': True, 'use_mixed_loss': True, 'use_ldp': True}
============================================================
[TMC Safe Mode] Split Report:
  Public (Server):  20000 samples (from Train)
  Private (Users):  30000 samples (from Train)
  Test (Evaluation):10000 samples (from Test)
  [Pre-training] 10 epochs on public data ...
    Epoch 1/10: loss=4.2905
    Epoch 10/10: loss=1.7921
  [Pre-training] Done. All local models will start from this checkpoint.
    Round   0/100: acc=0.3664, loss=2.6519, part=0.70
    Round  10/100: acc=0.4993, loss=2.1482, part=0.70
    Round  20/100: acc=0.5648, loss=1.9265, part=0.70
    Round  30/100: acc=0.5835, loss=1.8880, part=0.70
    Round  40/100: acc=0.5839, loss=1.9010, part=0.70
    Round  50/100: acc=0.5913, loss=1.9177, part=0.70
    Round  60/100: acc=0.5891, loss=1.9412, part=0.70
    Round  70/100: acc=0.5990, loss=1.9258, part=0.70
    Round  80/100: acc=0.5994, loss=1.9407, part=0.70
    Round  90/100: acc=0.6016, loss=1.9325, part=0.70
    Round  99/100: acc=0.6004, loss=1.9347, part=0.70
  → No-BLUE seed=42: final=0.6004, best=0.6061, time=5112s

============================================================
  Exp 6: No-CE (pure KL), seed=42, 100 rounds
  Flags: {'use_blue': True, 'use_ema': True, 'use_mixed_loss': False, 'use_ldp': True}
============================================================
[TMC Safe Mode] Split Report:
  Public (Server):  20000 samples (from Train)
  Private (Users):  30000 samples (from Train)
  Test (Evaluation):10000 samples (from Test)
  [Pre-training] 10 epochs on public data ...
    Epoch 1/10: loss=4.2905
    Epoch 10/10: loss=1.7921
  [Pre-training] Done. All local models will start from this checkpoint.
    Round   0/100: acc=0.3041, loss=3.1446, part=0.70
    Round  10/100: acc=0.2175, loss=3.3584, part=0.70
    Round  20/100: acc=0.1846, loss=3.3988, part=0.70
    Round  30/100: acc=0.1720, loss=3.4080, part=0.70
    Round  40/100: acc=0.1603, loss=3.4244, part=0.70
    Round  50/100: acc=0.1451, loss=3.4356, part=0.70
    Round  60/100: acc=0.1378, loss=3.4370, part=0.70
    Round  70/100: acc=0.1421, loss=3.4340, part=0.70
    Round  80/100: acc=0.1481, loss=3.4302, part=0.70
    Round  90/100: acc=0.1327, loss=3.4405, part=0.70
    Round  99/100: acc=0.1443, loss=3.4290, part=0.70
  → No-CE (pure KL) seed=42: final=0.1443, best=0.3182, time=5108s

============================================================
  Exp 6: Bare-FD, seed=42, 100 rounds
  Flags: {'use_blue': False, 'use_ema': False, 'use_mixed_loss': False, 'use_ldp': True}
============================================================
[TMC Safe Mode] Split Report:
  Public (Server):  20000 samples (from Train)
  Private (Users):  30000 samples (from Train)
  Test (Evaluation):10000 samples (from Test)
  [Pre-training] 10 epochs on public data ...
    Epoch 1/10: loss=4.2905
    Epoch 10/10: loss=1.7921
  [Pre-training] Done. All local models will start from this checkpoint.
    Round   0/100: acc=0.2963, loss=3.1542, part=0.70
    Round  10/100: acc=0.3162, loss=3.2232, part=0.70
    Round  20/100: acc=0.2945, loss=3.2551, part=0.70
    Round  30/100: acc=0.2717, loss=3.2710, part=0.70
    Round  40/100: acc=0.2627, loss=3.2939, part=0.70
    Round  50/100: acc=0.2519, loss=3.3137, part=0.70
    Round  60/100: acc=0.2341, loss=3.3401, part=0.70
    Round  70/100: acc=0.2387, loss=3.3439, part=0.70
    Round  80/100: acc=0.2285, loss=3.3577, part=0.70
    Round  90/100: acc=0.2187, loss=3.3723, part=0.70
    Round  99/100: acc=0.2136, loss=3.3679, part=0.70
  → Bare-FD seed=42: final=0.2136, best=0.3191, time=5108s

============================================================
  Exp 6: No-LDP (oracle), seed=42, 100 rounds
  Flags: {'use_blue': True, 'use_ema': True, 'use_mixed_loss': True, 'use_ldp': False}
============================================================
[TMC Safe Mode] Split Report:
  Public (Server):  20000 samples (from Train)
  Private (Users):  30000 samples (from Train)
  Test (Evaluation):10000 samples (from Test)
  [Pre-training] 10 epochs on public data ...
    Epoch 1/10: loss=4.2905
    Epoch 10/10: loss=1.7921
  [Pre-training] Done. All local models will start from this checkpoint.
    Round   0/100: acc=0.3874, loss=2.5848, part=0.70
    Round  10/100: acc=0.5070, loss=2.1231, part=0.70
    Round  20/100: acc=0.5704, loss=1.9189, part=0.70
    Round  30/100: acc=0.5872, loss=1.8659, part=0.70
    Round  40/100: acc=0.5811, loss=1.9045, part=0.70
    Round  50/100: acc=0.5890, loss=1.8926, part=0.70
    Round  60/100: acc=0.5956, loss=1.9190, part=0.70
    Round  70/100: acc=0.5984, loss=1.9226, part=0.70
    Round  80/100: acc=0.6000, loss=1.9340, part=0.70
    Round  90/100: acc=0.5976, loss=1.9120, part=0.70
    Round  99/100: acc=0.5992, loss=1.9274, part=0.70
  → No-LDP (oracle) seed=42: final=0.5992, best=0.6084, time=4987s

✅ Exp 6 saved to results/experiments/routeB_exp6_ablation.json

🏁 All requested experiments complete!
🖥 Using device: cuda
  GPU: NVIDIA GeForce RTX 5070 Ti

============================================================
  Exp 1: PAID-FD, seed=123, 100 rounds
============================================================
[TMC Safe Mode] Split Report:
  Public (Server):  20000 samples (from Train)
  Private (Users):  30000 samples (from Train)
  Test (Evaluation):10000 samples (from Test)
  [Pre-training] 10 epochs on public data ...
    Epoch 1/10: loss=4.2865
    Epoch 10/10: loss=1.8170
  [Pre-training] Done. All local models will start from this checkpoint.
    Round   0/100: acc=0.3770, loss=2.6040, part=0.66
    Round  10/100: acc=0.5241, loss=2.0822, part=0.66
    Round  20/100: acc=0.5645, loss=1.9369, part=0.66
    Round  30/100: acc=0.5789, loss=1.8823, part=0.66
    Round  40/100: acc=0.5907, loss=1.8618, part=0.66
    Round  50/100: acc=0.5989, loss=1.8777, part=0.66
    Round  60/100: acc=0.5996, loss=1.8959, part=0.66
    Round  70/100: acc=0.5965, loss=1.8847, part=0.66
    Round  80/100: acc=0.6101, loss=1.8887, part=0.66
    Round  90/100: acc=0.6070, loss=1.8905, part=0.66
    Round  99/100: acc=0.6094, loss=1.8930, part=0.66
  → PAID-FD seed=123: final=0.6094, best=0.6130, time=4847s

============================================================
  Exp 1: PAID-FD, seed=456, 100 rounds
============================================================
[TMC Safe Mode] Split Report:
  Public (Server):  20000 samples (from Train)
  Private (Users):  30000 samples (from Train)
  Test (Evaluation):10000 samples (from Test)
  [Pre-training] 10 epochs on public data ...
    Epoch 1/10: loss=4.2292
    Epoch 10/10: loss=1.7987
  [Pre-training] Done. All local models will start from this checkpoint.
    Round   0/100: acc=0.3570, loss=2.6976, part=0.66
    Round  10/100: acc=0.5118, loss=2.0968, part=0.66
    Round  20/100: acc=0.5689, loss=1.9190, part=0.66
    Round  30/100: acc=0.5763, loss=1.9305, part=0.66
    Round  40/100: acc=0.5824, loss=1.9120, part=0.66
    Round  50/100: acc=0.5900, loss=1.9277, part=0.66
    Round  60/100: acc=0.5987, loss=1.9056, part=0.66
    Round  70/100: acc=0.5929, loss=1.9185, part=0.66
    Round  80/100: acc=0.5943, loss=1.9382, part=0.66
    Round  90/100: acc=0.6030, loss=1.9334, part=0.66
    Round  99/100: acc=0.5982, loss=1.9346, part=0.66
  → PAID-FD seed=456: final=0.5982, best=0.6057, time=4850s

============================================================
  Exp 1: Fixed-eps-0.5, seed=123, 100 rounds
============================================================
[TMC Safe Mode] Split Report:
  Public (Server):  20000 samples (from Train)
  Private (Users):  30000 samples (from Train)
  Test (Evaluation):10000 samples (from Test)
  [Fixed-eps Pre-training] 10 epochs on public data ...
    Epoch 1/10
    Epoch 5/10
    Epoch 10/10
  [Fixed-eps Pre-training] Done.
    Round   0/100: acc=0.3610, loss=2.6297, part=1.00
    Round  10/100: acc=0.5180, loss=2.1180, part=1.00
    Round  20/100: acc=0.5710, loss=1.8956, part=1.00
    Round  30/100: acc=0.5798, loss=1.8762, part=1.00
    Round  40/100: acc=0.5900, loss=1.8799, part=1.00
    Round  50/100: acc=0.5996, loss=1.8777, part=1.00
    Round  60/100: acc=0.5974, loss=1.8827, part=1.00
    Round  70/100: acc=0.6078, loss=1.8766, part=1.00
    Round  80/100: acc=0.6062, loss=1.8865, part=1.00
    Round  90/100: acc=0.6057, loss=1.8913, part=1.00
    Round  99/100: acc=0.6068, loss=1.8976, part=1.00
  → Fixed-eps-0.5 seed=123: final=0.6068, best=0.6165, time=7061s

============================================================
  Exp 1: Fixed-eps-0.5, seed=456, 100 rounds
============================================================
[TMC Safe Mode] Split Report:
  Public (Server):  20000 samples (from Train)
  Private (Users):  30000 samples (from Train)
  Test (Evaluation):10000 samples (from Test)
  [Fixed-eps Pre-training] 10 epochs on public data ...
    Epoch 1/10
    Epoch 5/10
    Epoch 10/10
  [Fixed-eps Pre-training] Done.
    Round   0/100: acc=0.3834, loss=2.5835, part=1.00
    Round  10/100: acc=0.4972, loss=2.1208, part=1.00
    Round  20/100: acc=0.5544, loss=1.9490, part=1.00
    Round  30/100: acc=0.5792, loss=1.8990, part=1.00
    Round  40/100: acc=0.5789, loss=1.9048, part=1.00
    Round  50/100: acc=0.5917, loss=1.9005, part=1.00
    Round  60/100: acc=0.6014, loss=1.9026, part=1.00
    Round  70/100: acc=0.6005, loss=1.9203, part=1.00
    Round  80/100: acc=0.6032, loss=1.9074, part=1.00
    Round  90/100: acc=0.6066, loss=1.9152, part=1.00
    Round  99/100: acc=0.6025, loss=1.9306, part=1.00
  → Fixed-eps-0.5 seed=456: final=0.6025, best=0.6111, time=7061s

============================================================
  Exp 1: Fixed-eps-1.0, seed=123, 100 rounds
============================================================
[TMC Safe Mode] Split Report:
  Public (Server):  20000 samples (from Train)
  Private (Users):  30000 samples (from Train)
  Test (Evaluation):10000 samples (from Test)
  [Fixed-eps Pre-training] 10 epochs on public data ...
    Epoch 1/10
    Epoch 5/10
    Epoch 10/10
  [Fixed-eps Pre-training] Done.
    Round   0/100: acc=0.3543, loss=2.6408, part=1.00
    Round  10/100: acc=0.5186, loss=2.0972, part=1.00
    Round  20/100: acc=0.5649, loss=1.9024, part=1.00
    Round  30/100: acc=0.5872, loss=1.8600, part=1.00
    Round  40/100: acc=0.5894, loss=1.8618, part=1.00
    Round  50/100: acc=0.6075, loss=1.8404, part=1.00
    Round  60/100: acc=0.5983, loss=1.8710, part=1.00
    Round  70/100: acc=0.6071, loss=1.8751, part=1.00
    Round  80/100: acc=0.6089, loss=1.8754, part=1.00
    Round  90/100: acc=0.6114, loss=1.8703, part=1.00
    Round  99/100: acc=0.6089, loss=1.9160, part=1.00
  → Fixed-eps-1.0 seed=123: final=0.6089, best=0.6156, time=7065s

============================================================
  Exp 1: Fixed-eps-1.0, seed=456, 100 rounds
============================================================
[TMC Safe Mode] Split Report:
  Public (Server):  20000 samples (from Train)
  Private (Users):  30000 samples (from Train)
  Test (Evaluation):10000 samples (from Test)
  [Fixed-eps Pre-training] 10 epochs on public data ...
    Epoch 1/10
    Epoch 5/10
    Epoch 10/10
  [Fixed-eps Pre-training] Done.
    Round   0/100: acc=0.3895, loss=2.5692, part=1.00
    Round  10/100: acc=0.5053, loss=2.1017, part=1.00
    Round  20/100: acc=0.5556, loss=1.9480, part=1.00
    Round  30/100: acc=0.5825, loss=1.8796, part=1.00
    Round  40/100: acc=0.5839, loss=1.9050, part=1.00
    Round  50/100: acc=0.5925, loss=1.8938, part=1.00
    Round  60/100: acc=0.5882, loss=1.9167, part=1.00
    Round  70/100: acc=0.5991, loss=1.9125, part=1.00
    Round  80/100: acc=0.5975, loss=1.9238, part=1.00
    Round  90/100: acc=0.5998, loss=1.9203, part=1.00
    Round  99/100: acc=0.6010, loss=1.9054, part=1.00
  → Fixed-eps-1.0 seed=456: final=0.6010, best=0.6071, time=7062s

============================================================
  Exp 1: FedAvg, seed=123, 100 rounds
============================================================
[TMC Safe Mode] Split Report:
  Public (Server):  20000 samples (from Train)
  Private (Users):  30000 samples (from Train)
  Test (Evaluation):10000 samples (from Test)
    Round   0/100: acc=0.0193, loss=4.5676, part=0.50
    Round  10/100: acc=0.1547, loss=3.5396, part=0.50
    Round  20/100: acc=0.2256, loss=3.1792, part=0.50
    Round  30/100: acc=0.2937, loss=2.8156, part=0.50
    Round  40/100: acc=0.3318, loss=2.6254, part=0.50
    Round  50/100: acc=0.3716, loss=2.4287, part=0.50
    Round  60/100: acc=0.3989, loss=2.3161, part=0.50
    Round  70/100: acc=0.4227, loss=2.1985, part=0.50
    Round  80/100: acc=0.4427, loss=2.1132, part=0.50
    Round  90/100: acc=0.4557, loss=2.0633, part=0.50
    Round  99/100: acc=0.4657, loss=2.0307, part=0.50
  → FedAvg seed=123: final=0.4657, best=0.4670, time=3104s

============================================================
  Exp 1: FedAvg, seed=456, 100 rounds
============================================================
[TMC Safe Mode] Split Report:
  Public (Server):  20000 samples (from Train)
  Private (Users):  30000 samples (from Train)
  Test (Evaluation):10000 samples (from Test)
    Round   0/100: acc=0.0176, loss=4.5871, part=0.50
    Round  10/100: acc=0.1671, loss=3.5217, part=0.50
    Round  20/100: acc=0.2325, loss=3.1439, part=0.50
    Round  30/100: acc=0.2976, loss=2.8003, part=0.50
    Round  40/100: acc=0.3318, loss=2.6428, part=0.50
    Round  50/100: acc=0.3766, loss=2.4078, part=0.50
    Round  60/100: acc=0.4061, loss=2.2874, part=0.50
    Round  70/100: acc=0.4255, loss=2.1880, part=0.50
    Round  80/100: acc=0.4390, loss=2.1459, part=0.50
    Round  90/100: acc=0.4554, loss=2.0723, part=0.50
    Round  99/100: acc=0.4649, loss=2.0149, part=0.50
  → FedAvg seed=456: final=0.4649, best=0.4649, time=3087s

============================================================
  Exp 1: FedMD, seed=123, 100 rounds
============================================================
[TMC Safe Mode] Split Report:
  Public (Server):  20000 samples (from Train)
  Private (Users):  30000 samples (from Train)
  Test (Evaluation):10000 samples (from Test)
  [FedMD Pre-training] 10 epochs on public data ...
    Epoch 1/10
    Epoch 5/10
    Epoch 10/10
  [FedMD Pre-training] Done.
    Round   0/100: acc=0.3639, loss=2.4969, part=1.00
    Round  10/100: acc=0.3827, loss=2.5086, part=1.00
    Round  20/100: acc=0.3655, loss=2.5492, part=1.00
    Round  30/100: acc=0.3542, loss=2.5655, part=1.00
    Round  40/100: acc=0.3406, loss=2.5804, part=1.00
    Round  50/100: acc=0.3525, loss=2.5711, part=1.00
    Round  60/100: acc=0.3479, loss=2.5756, part=1.00
    Round  70/100: acc=0.3454, loss=2.5911, part=1.00
    Round  80/100: acc=0.3458, loss=2.5804, part=1.00
    Round  90/100: acc=0.3371, loss=2.5971, part=1.00
    Round  99/100: acc=0.3359, loss=2.5861, part=1.00
  → FedMD seed=123: final=0.3359, best=0.3970, time=6876s

============================================================
  Exp 1: FedMD, seed=456, 100 rounds
============================================================
[TMC Safe Mode] Split Report:
  Public (Server):  20000 samples (from Train)
  Private (Users):  30000 samples (from Train)
  Test (Evaluation):10000 samples (from Test)
  [FedMD Pre-training] 10 epochs on public data ...
    Epoch 1/10
    Epoch 5/10
    Epoch 10/10
  [FedMD Pre-training] Done.
    Round   0/100: acc=0.3749, loss=2.4884, part=1.00
    Round  10/100: acc=0.3734, loss=2.5341, part=1.00
    Round  20/100: acc=0.3692, loss=2.5453, part=1.00
    Round  30/100: acc=0.3660, loss=2.5834, part=1.00
    Round  40/100: acc=0.3566, loss=2.5953, part=1.00
    Round  50/100: acc=0.3553, loss=2.5935, part=1.00
    Round  60/100: acc=0.3560, loss=2.5990, part=1.00
    Round  70/100: acc=0.3573, loss=2.5882, part=1.00
    Round  80/100: acc=0.3534, loss=2.5856, part=1.00
    Round  90/100: acc=0.3376, loss=2.6036, part=1.00
    Round  99/100: acc=0.3516, loss=2.6038, part=1.00
  → FedMD seed=456: final=0.3516, best=0.3957, time=6881s

============================================================
  Exp 1: FedGMKD, seed=123, 100 rounds
============================================================
[TMC Safe Mode] Split Report:
  Public (Server):  20000 samples (from Train)
  Private (Users):  30000 samples (from Train)
  Test (Evaluation):10000 samples (from Test)
    Round   0/100: acc=0.0221, loss=4.5440, part=1.00
    Round  10/100: acc=0.1827, loss=3.6008, part=1.00
    Round  20/100: acc=0.2493, loss=3.2070, part=1.00
    Round  30/100: acc=0.2994, loss=2.9259, part=1.00
    Round  40/100: acc=0.3362, loss=2.7133, part=1.00
    Round  50/100: acc=0.3735, loss=2.5269, part=1.00
    Round  60/100: acc=0.4031, loss=2.3812, part=1.00
    Round  70/100: acc=0.4308, loss=2.2655, part=1.00
    Round  80/100: acc=0.4469, loss=2.1809, part=1.00
    Round  90/100: acc=0.4610, loss=2.1303, part=1.00
    Round  99/100: acc=0.4731, loss=2.0919, part=1.00
  → FedGMKD seed=123: final=0.4731, best=0.4731, time=9675s

============================================================
  Exp 1: FedGMKD, seed=456, 100 rounds
============================================================
[TMC Safe Mode] Split Report:
  Public (Server):  20000 samples (from Train)
  Private (Users):  30000 samples (from Train)
  Test (Evaluation):10000 samples (from Test)
    Round   0/100: acc=0.0216, loss=4.5733, part=1.00
    Round  10/100: acc=0.1782, loss=3.6054, part=1.00
    Round  20/100: acc=0.2548, loss=3.2015, part=1.00
    Round  30/100: acc=0.2998, loss=2.9299, part=1.00
    Round  40/100: acc=0.3457, loss=2.7040, part=1.00
    Round  50/100: acc=0.3809, loss=2.5188, part=1.00
    Round  60/100: acc=0.4111, loss=2.3610, part=1.00
    Round  70/100: acc=0.4348, loss=2.2568, part=1.00
    Round  80/100: acc=0.4539, loss=2.1734, part=1.00
    Round  90/100: acc=0.4682, loss=2.1099, part=1.00
    Round  99/100: acc=0.4781, loss=2.0777, part=1.00
  → FedGMKD seed=456: final=0.4781, best=0.4781, time=9645s

============================================================
  Exp 1: CSRA, seed=123, 100 rounds
============================================================
[TMC Safe Mode] Split Report:
  Public (Server):  20000 samples (from Train)
  Private (Users):  30000 samples (from Train)
  Test (Evaluation):10000 samples (from Test)
    Round   0/100: acc=0.0100, loss=nan, part=0.32
    Round  10/100: acc=0.0100, loss=nan, part=0.30
    Round  20/100: acc=0.0100, loss=nan, part=0.34
    Round  30/100: acc=0.0100, loss=nan, part=0.32
    Round  40/100: acc=0.0100, loss=nan, part=0.34
    Round  50/100: acc=0.0100, loss=nan, part=0.32
    Round  60/100: acc=0.0100, loss=nan, part=0.32
    Round  70/100: acc=0.0100, loss=nan, part=0.34
    Round  80/100: acc=0.0100, loss=nan, part=0.32
    Round  90/100: acc=0.0100, loss=nan, part=0.34
    Round  99/100: acc=0.0100, loss=nan, part=0.32
  → CSRA seed=123: final=0.0100, best=0.0100, time=2513s

============================================================
  Exp 1: CSRA, seed=456, 100 rounds
============================================================
[TMC Safe Mode] Split Report:
  Public (Server):  20000 samples (from Train)
  Private (Users):  30000 samples (from Train)
  Test (Evaluation):10000 samples (from Test)
    Round   0/100: acc=0.0100, loss=nan, part=0.34
    Round  10/100: acc=0.0100, loss=nan, part=0.30
    Round  20/100: acc=0.0100, loss=nan, part=0.32
    Round  30/100: acc=0.0100, loss=nan, part=0.32
    Round  40/100: acc=0.0100, loss=nan, part=0.34
    Round  50/100: acc=0.0100, loss=nan, part=0.32
    Round  60/100: acc=0.0100, loss=nan, part=0.32
    Round  70/100: acc=0.0100, loss=nan, part=0.34
    Round  80/100: acc=0.0100, loss=nan, part=0.32
    Round  90/100: acc=0.0100, loss=nan, part=0.32
    Round  99/100: acc=0.0100, loss=nan, part=0.32
  → CSRA seed=456: final=0.0100, best=0.0100, time=2535s

✅ Exp 1 saved to results/experiments/routeB_exp1_comparison.json

============================================================
  Exp 6: Full (PAID-FD), seed=123, 100 rounds
  Flags: {'use_blue': True, 'use_ema': True, 'use_mixed_loss': True, 'use_ldp': True}
============================================================
[TMC Safe Mode] Split Report:
  Public (Server):  20000 samples (from Train)
  Private (Users):  30000 samples (from Train)
  Test (Evaluation):10000 samples (from Test)
  [Pre-training] 10 epochs on public data ...
    Epoch 1/10: loss=4.2865
    Epoch 10/10: loss=1.8170
  [Pre-training] Done. All local models will start from this checkpoint.
    Round   0/100: acc=0.3770, loss=2.6040, part=0.66
    Round  10/100: acc=0.5241, loss=2.0822, part=0.66
    Round  20/100: acc=0.5645, loss=1.9369, part=0.66
    Round  30/100: acc=0.5789, loss=1.8823, part=0.66
    Round  40/100: acc=0.5907, loss=1.8618, part=0.66
    Round  50/100: acc=0.5989, loss=1.8777, part=0.66
    Round  60/100: acc=0.5996, loss=1.8959, part=0.66
    Round  70/100: acc=0.5965, loss=1.8847, part=0.66
    Round  80/100: acc=0.6101, loss=1.8887, part=0.66
    Round  90/100: acc=0.6070, loss=1.8905, part=0.66
    Round  99/100: acc=0.6094, loss=1.8930, part=0.66
  → Full (PAID-FD) seed=123: final=0.6094, best=0.6130, time=4854s

============================================================
  Exp 6: Full (PAID-FD), seed=456, 100 rounds
  Flags: {'use_blue': True, 'use_ema': True, 'use_mixed_loss': True, 'use_ldp': True}
============================================================
[TMC Safe Mode] Split Report:
  Public (Server):  20000 samples (from Train)
  Private (Users):  30000 samples (from Train)
  Test (Evaluation):10000 samples (from Test)
  [Pre-training] 10 epochs on public data ...
    Epoch 1/10: loss=4.2292
    Epoch 10/10: loss=1.7987
  [Pre-training] Done. All local models will start from this checkpoint.
    Round   0/100: acc=0.3570, loss=2.6976, part=0.66
    Round  10/100: acc=0.5118, loss=2.0968, part=0.66
    Round  20/100: acc=0.5689, loss=1.9190, part=0.66
    Round  30/100: acc=0.5763, loss=1.9305, part=0.66
    Round  40/100: acc=0.5824, loss=1.9120, part=0.66
    Round  50/100: acc=0.5900, loss=1.9277, part=0.66
    Round  60/100: acc=0.5987, loss=1.9056, part=0.66
    Round  70/100: acc=0.5929, loss=1.9185, part=0.66
    Round  80/100: acc=0.5943, loss=1.9382, part=0.66
    Round  90/100: acc=0.6030, loss=1.9334, part=0.66
    Round  99/100: acc=0.5982, loss=1.9346, part=0.66
  → Full (PAID-FD) seed=456: final=0.5982, best=0.6057, time=4849s

============================================================
  Exp 6: No-EMA, seed=123, 100 rounds
  Flags: {'use_blue': True, 'use_ema': False, 'use_mixed_loss': True, 'use_ldp': True}
============================================================
[TMC Safe Mode] Split Report:
  Public (Server):  20000 samples (from Train)
  Private (Users):  30000 samples (from Train)
  Test (Evaluation):10000 samples (from Test)
  [Pre-training] 10 epochs on public data ...
    Epoch 1/10: loss=4.2865
    Epoch 10/10: loss=1.8170
  [Pre-training] Done. All local models will start from this checkpoint.
    Round   0/100: acc=0.3770, loss=2.6040, part=0.66
    Round  10/100: acc=0.5161, loss=2.1199, part=0.66
    Round  20/100: acc=0.5540, loss=1.9636, part=0.66
    Round  30/100: acc=0.5842, loss=1.8313, part=0.66
    Round  40/100: acc=0.5950, loss=1.8158, part=0.66
    Round  50/100: acc=0.5916, loss=1.8671, part=0.66
    Round  60/100: acc=0.5963, loss=1.8592, part=0.66
    Round  70/100: acc=0.6054, loss=1.8291, part=0.66
    Round  80/100: acc=0.6089, loss=1.8608, part=0.66
    Round  90/100: acc=0.6086, loss=1.8572, part=0.66
    Round  99/100: acc=0.6105, loss=1.8564, part=0.66
  → No-EMA seed=123: final=0.6105, best=0.6105, time=4859s

============================================================
  Exp 6: No-EMA, seed=456, 100 rounds
  Flags: {'use_blue': True, 'use_ema': False, 'use_mixed_loss': True, 'use_ldp': True}
============================================================
[TMC Safe Mode] Split Report:
  Public (Server):  20000 samples (from Train)
  Private (Users):  30000 samples (from Train)
  Test (Evaluation):10000 samples (from Test)
  [Pre-training] 10 epochs on public data ...
    Epoch 1/10: loss=4.2292
    Epoch 10/10: loss=1.7987
  [Pre-training] Done. All local models will start from this checkpoint.
    Round   0/100: acc=0.3570, loss=2.6976, part=0.66
    Round  10/100: acc=0.5072, loss=2.1055, part=0.66
    Round  20/100: acc=0.5613, loss=1.9106, part=0.66
    Round  30/100: acc=0.5734, loss=1.8941, part=0.66
    Round  40/100: acc=0.5858, loss=1.8668, part=0.66
    Round  50/100: acc=0.5921, loss=1.8776, part=0.66
    Round  60/100: acc=0.5957, loss=1.8821, part=0.66
    Round  70/100: acc=0.5995, loss=1.9002, part=0.66
    Round  80/100: acc=0.5982, loss=1.8993, part=0.66
    Round  90/100: acc=0.6082, loss=1.8899, part=0.66
    Round  99/100: acc=0.5999, loss=1.8996, part=0.66
  → No-EMA seed=456: final=0.5999, best=0.6089, time=4852s

============================================================
  Exp 6: No-BLUE, seed=123, 100 rounds
  Flags: {'use_blue': False, 'use_ema': True, 'use_mixed_loss': True, 'use_ldp': True}
============================================================
[TMC Safe Mode] Split Report:
  Public (Server):  20000 samples (from Train)
  Private (Users):  30000 samples (from Train)
  Test (Evaluation):10000 samples (from Test)
  [Pre-training] 10 epochs on public data ...
    Epoch 1/10: loss=4.2865
    Epoch 10/10: loss=1.8170
  [Pre-training] Done. All local models will start from this checkpoint.
    Round   0/100: acc=0.3808, loss=2.6100, part=0.66
    Round  10/100: acc=0.5303, loss=2.0691, part=0.66
    Round  20/100: acc=0.5689, loss=1.9220, part=0.66
    Round  30/100: acc=0.5838, loss=1.8542, part=0.66
    Round  40/100: acc=0.5938, loss=1.8679, part=0.66
    Round  50/100: acc=0.5915, loss=1.8957, part=0.66
    Round  60/100: acc=0.5995, loss=1.8903, part=0.66
    Round  70/100: acc=0.6025, loss=1.8797, part=0.66
    Round  80/100: acc=0.6071, loss=1.8876, part=0.66
    Round  90/100: acc=0.6036, loss=1.9080, part=0.66
    Round  99/100: acc=0.6122, loss=1.8759, part=0.66
  → No-BLUE seed=123: final=0.6122, best=0.6137, time=4859s

============================================================
  Exp 6: No-BLUE, seed=456, 100 rounds
  Flags: {'use_blue': False, 'use_ema': True, 'use_mixed_loss': True, 'use_ldp': True}
============================================================
[TMC Safe Mode] Split Report:
  Public (Server):  20000 samples (from Train)
  Private (Users):  30000 samples (from Train)
  Test (Evaluation):10000 samples (from Test)
  [Pre-training] 10 epochs on public data ...
    Epoch 1/10: loss=4.2292
    Epoch 10/10: loss=1.7987
  [Pre-training] Done. All local models will start from this checkpoint.
    Round   0/100: acc=0.3584, loss=2.6834, part=0.66
    Round  10/100: acc=0.5118, loss=2.0868, part=0.66
    Round  20/100: acc=0.5647, loss=1.9084, part=0.66
    Round  30/100: acc=0.5734, loss=1.9318, part=0.66
    Round  40/100: acc=0.5875, loss=1.9054, part=0.66
    Round  50/100: acc=0.5920, loss=1.9276, part=0.66
    Round  60/100: acc=0.5975, loss=1.8988, part=0.66
    Round  70/100: acc=0.5973, loss=1.9040, part=0.66
    Round  80/100: acc=0.5982, loss=1.9299, part=0.66
    Round  90/100: acc=0.6030, loss=1.9367, part=0.66
    Round  99/100: acc=0.5977, loss=1.9398, part=0.66
  → No-BLUE seed=456: final=0.5977, best=0.6032, time=4852s

============================================================
  Exp 6: No-CE (pure KL), seed=123, 100 rounds
  Flags: {'use_blue': True, 'use_ema': True, 'use_mixed_loss': False, 'use_ldp': True}
============================================================
[TMC Safe Mode] Split Report:
  Public (Server):  20000 samples (from Train)
  Private (Users):  30000 samples (from Train)
  Test (Evaluation):10000 samples (from Test)
  [Pre-training] 10 epochs on public data ...
    Epoch 1/10: loss=4.2865
    Epoch 10/10: loss=1.8170
  [Pre-training] Done. All local models will start from this checkpoint.
    Round   0/100: acc=0.2917, loss=3.1284, part=0.66
    Round  10/100: acc=0.2348, loss=3.3171, part=0.66
    Round  20/100: acc=0.1624, loss=3.4243, part=0.66
    Round  30/100: acc=0.1571, loss=3.4240, part=0.66
    Round  40/100: acc=0.1396, loss=3.4238, part=0.66
    Round  50/100: acc=0.1303, loss=3.4368, part=0.66
    Round  60/100: acc=0.1452, loss=3.4216, part=0.66
    Round  70/100: acc=0.1390, loss=3.4256, part=0.66
    Round  80/100: acc=0.1387, loss=3.4139, part=0.66
    Round  90/100: acc=0.1329, loss=3.4226, part=0.66
    Round  99/100: acc=0.1457, loss=3.4099, part=0.66
  → No-CE (pure KL) seed=123: final=0.1457, best=0.3277, time=4854s

============================================================
  Exp 6: No-CE (pure KL), seed=456, 100 rounds
  Flags: {'use_blue': True, 'use_ema': True, 'use_mixed_loss': False, 'use_ldp': True}
============================================================
[TMC Safe Mode] Split Report:
  Public (Server):  20000 samples (from Train)
  Private (Users):  30000 samples (from Train)
  Test (Evaluation):10000 samples (from Test)
  [Pre-training] 10 epochs on public data ...
    Epoch 1/10: loss=4.2292
    Epoch 10/10: loss=1.7987
  [Pre-training] Done. All local models will start from this checkpoint.
    Round   0/100: acc=0.2966, loss=3.1816, part=0.66
    Round  10/100: acc=0.2311, loss=3.3351, part=0.66
    Round  20/100: acc=0.1812, loss=3.3926, part=0.66
    Round  30/100: acc=0.1516, loss=3.4432, part=0.66
    Round  40/100: acc=0.1414, loss=3.4385, part=0.66
    Round  50/100: acc=0.1390, loss=3.4441, part=0.66
    Round  60/100: acc=0.1326, loss=3.4363, part=0.66
    Round  70/100: acc=0.1474, loss=3.4208, part=0.66
    Round  80/100: acc=0.1362, loss=3.4366, part=0.66
    Round  90/100: acc=0.1383, loss=3.4370, part=0.66
    Round  99/100: acc=0.1278, loss=3.4459, part=0.66
  → No-CE (pure KL) seed=456: final=0.1278, best=0.3300, time=4848s

============================================================
  Exp 6: Bare-FD, seed=123, 100 rounds
  Flags: {'use_blue': False, 'use_ema': False, 'use_mixed_loss': False, 'use_ldp': True}
============================================================
[TMC Safe Mode] Split Report:
  Public (Server):  20000 samples (from Train)
  Private (Users):  30000 samples (from Train)
  Test (Evaluation):10000 samples (from Test)
  [Pre-training] 10 epochs on public data ...
    Epoch 1/10: loss=4.2865
    Epoch 10/10: loss=1.8170
  [Pre-training] Done. All local models will start from this checkpoint.
    Round   0/100: acc=0.2914, loss=3.1329, part=0.66
    Round  10/100: acc=0.3087, loss=3.2038, part=0.66
    Round  20/100: acc=0.2812, loss=3.2749, part=0.66
    Round  30/100: acc=0.2747, loss=3.2693, part=0.66
    Round  40/100: acc=0.2412, loss=3.3216, part=0.66
    Round  50/100: acc=0.2250, loss=3.3349, part=0.66
    Round  60/100: acc=0.2224, loss=3.3312, part=0.66
    Round  70/100: acc=0.2096, loss=3.3457, part=0.66
    Round  80/100: acc=0.2090, loss=3.3537, part=0.66
    Round  90/100: acc=0.2064, loss=3.3664, part=0.66
    Round  99/100: acc=0.2047, loss=3.3506, part=0.66
  → Bare-FD seed=123: final=0.2047, best=0.3387, time=4857s

============================================================
  Exp 6: Bare-FD, seed=456, 100 rounds
  Flags: {'use_blue': False, 'use_ema': False, 'use_mixed_loss': False, 'use_ldp': True}
============================================================
[TMC Safe Mode] Split Report:
  Public (Server):  20000 samples (from Train)
  Private (Users):  30000 samples (from Train)
  Test (Evaluation):10000 samples (from Test)
  [Pre-training] 10 epochs on public data ...
    Epoch 1/10: loss=4.2292
    Epoch 10/10: loss=1.7987
  [Pre-training] Done. All local models will start from this checkpoint.
    Round   0/100: acc=0.2826, loss=3.2064, part=0.66
    Round  10/100: acc=0.3198, loss=3.1986, part=0.66
    Round  20/100: acc=0.2992, loss=3.2494, part=0.66
    Round  30/100: acc=0.2653, loss=3.3005, part=0.66
    Round  40/100: acc=0.2664, loss=3.2934, part=0.66
    Round  50/100: acc=0.2515, loss=3.3268, part=0.66
    Round  60/100: acc=0.2266, loss=3.3450, part=0.66
    Round  70/100: acc=0.2256, loss=3.3395, part=0.66
    Round  80/100: acc=0.2039, loss=3.3613, part=0.66
    Round  90/100: acc=0.2181, loss=3.3488, part=0.66
    Round  99/100: acc=0.2133, loss=3.3589, part=0.66
  → Bare-FD seed=456: final=0.2133, best=0.3367, time=4843s

============================================================
  Exp 6: No-LDP (oracle), seed=123, 100 rounds
  Flags: {'use_blue': True, 'use_ema': True, 'use_mixed_loss': True, 'use_ldp': False}
============================================================
[TMC Safe Mode] Split Report:
  Public (Server):  20000 samples (from Train)
  Private (Users):  30000 samples (from Train)
  Test (Evaluation):10000 samples (from Test)
  [Pre-training] 10 epochs on public data ...
    Epoch 1/10: loss=4.2865
    Epoch 10/10: loss=1.8170
  [Pre-training] Done. All local models will start from this checkpoint.
    Round   0/100: acc=0.3918, loss=2.5775, part=0.66
    Round  10/100: acc=0.5328, loss=2.0588, part=0.66
    Round  20/100: acc=0.5676, loss=1.9350, part=0.66
    Round  30/100: acc=0.5873, loss=1.8634, part=0.66
    Round  40/100: acc=0.5984, loss=1.8560, part=0.66
    Round  50/100: acc=0.6009, loss=1.8640, part=0.66
    Round  60/100: acc=0.6004, loss=1.8946, part=0.66
    Round  70/100: acc=0.6076, loss=1.8486, part=0.66
    Round  80/100: acc=0.6094, loss=1.8785, part=0.66
    Round  90/100: acc=0.6074, loss=1.8976, part=0.66
    Round  99/100: acc=0.6097, loss=1.8791, part=0.66
  → No-LDP (oracle) seed=123: final=0.6097, best=0.6144, time=4743s

============================================================
  Exp 6: No-LDP (oracle), seed=456, 100 rounds
  Flags: {'use_blue': True, 'use_ema': True, 'use_mixed_loss': True, 'use_ldp': False}
============================================================
[TMC Safe Mode] Split Report:
  Public (Server):  20000 samples (from Train)
  Private (Users):  30000 samples (from Train)
  Test (Evaluation):10000 samples (from Test)
  [Pre-training] 10 epochs on public data ...
    Epoch 1/10: loss=4.2292
    Epoch 10/10: loss=1.7987
  [Pre-training] Done. All local models will start from this checkpoint.
    Round   0/100: acc=0.3728, loss=2.6516, part=0.66
    Round  10/100: acc=0.5176, loss=2.0735, part=0.66
    Round  20/100: acc=0.5690, loss=1.9037, part=0.66
    Round  30/100: acc=0.5827, loss=1.9164, part=0.66
    Round  40/100: acc=0.5892, loss=1.8996, part=0.66
    Round  50/100: acc=0.5907, loss=1.9054, part=0.66
    Round  60/100: acc=0.5991, loss=1.8942, part=0.66
    Round  70/100: acc=0.6000, loss=1.9129, part=0.66
    Round  80/100: acc=0.6007, loss=1.9142, part=0.66
    Round  90/100: acc=0.6020, loss=1.9422, part=0.66
    Round  99/100: acc=0.6065, loss=1.9195, part=0.66
  → No-LDP (oracle) seed=456: final=0.6065, best=0.6107, time=4731s

✅ Exp 6 saved to results/experiments/routeB_exp6_ablation.json

🏁 All requested experiments complete!
