nohup: 忽略輸入
scripts/run_phase5_aelab.sh: 第 5 列： cd: /home/aelab-2/paid_fd: 沒有此一檔案或目錄
========== Phase 5: Pipeline Internal Ablation ==========
Start: Fri Apr 17 21:37:26 CST 2026

--- Task 0 / 2 ---
/home/aelab-2/TMC_2026/paid-fd/.venv/lib/python3.12/site-packages/torchvision/datasets/cifar.py:83: VisibleDeprecationWarning: dtype(): align should be passed as Python or NumPy boolean but got `align=0`. Did you mean to pass a tuple to create a subarray type? (Deprecated NumPy 2.4)
  entry = pickle.load(f, encoding="latin1")
======================================================================
  TMC Experiment — Phase 5, Task 1/3
  Label:  expI_noEMA_s42
  Method: PAID-FD
  Seed:   42
  Desc:   No EMA (single-round logits)
  Device: cuda:0
======================================================================
[TMC Safe Mode] Split Report:
  Public (Server):  20000 samples (from Train)
  Private (Users):  30000 samples (from Train)
  Test (Evaluation):10000 samples (from Test)
  [Pre-training] 10 epochs on public data ...
    Epoch 1/10: loss=4.2378
    Epoch 10/10: loss=1.7267
  [Pre-training] Done.
    Round   0/100: acc=0.3928, loss=2.5614, part=0.82, p*=3.337, ε*=2.78, Σcost=306.4, Σε=2.8
    Round  10/100: acc=0.5116, loss=2.0958, part=0.82, p*=3.337, ε*=2.78, Σcost=3370.0, Σε=30.6
    Round  20/100: acc=0.5705, loss=1.9045, part=0.82, p*=3.337, ε*=2.78, Σcost=6433.6, Σε=58.4
    Round  30/100: acc=0.5803, loss=1.8556, part=0.82, p*=3.337, ε*=2.78, Σcost=9497.2, Σε=86.2
    Round  40/100: acc=0.5927, loss=1.8852, part=0.82, p*=3.337, ε*=2.78, Σcost=12560.7, Σε=113.9
    Round  50/100: acc=0.5944, loss=1.9001, part=0.82, p*=3.337, ε*=2.78, Σcost=15624.3, Σε=141.7
    Round  60/100: acc=0.5999, loss=1.8923, part=0.82, p*=3.337, ε*=2.78, Σcost=18687.9, Σε=169.5
    Round  70/100: acc=0.6029, loss=1.8770, part=0.82, p*=3.337, ε*=2.78, Σcost=21751.5, Σε=197.3
    Round  80/100: acc=0.6081, loss=1.8951, part=0.82, p*=3.337, ε*=2.78, Σcost=24815.1, Σε=225.1
    Round  90/100: acc=0.6024, loss=1.9190, part=0.82, p*=3.337, ε*=2.78, Σcost=27878.7, Σε=252.9
    Round  99/100: acc=0.6055, loss=1.9122, part=0.82, p*=3.337, ε*=2.78, Σcost=30636.0, Σε=277.9
  💾 Saved: results/experiments/tmc/expI_noEMA_s42.json

======================================================================
  DONE: expI_noEMA_s42
  best=61.38%  final=60.55%  part=82%  cost=30636
  time=9061s (151.0 min)
  saved: results/experiments/tmc/expI_noEMA_s42.json
======================================================================
Finished task 0 at Sat Apr 18 00:08:29 CST 2026

--- Task 1 / 2 ---
/home/aelab-2/TMC_2026/paid-fd/.venv/lib/python3.12/site-packages/torchvision/datasets/cifar.py:83: VisibleDeprecationWarning: dtype(): align should be passed as Python or NumPy boolean but got `align=0`. Did you mean to pass a tuple to create a subarray type? (Deprecated NumPy 2.4)
  entry = pickle.load(f, encoding="latin1")
======================================================================
  TMC Experiment — Phase 5, Task 2/3
  Label:  expI_noMixedLoss_s42
  Method: PAID-FD
  Seed:   42
  Desc:   No mixed loss (pure KL distillation)
  Device: cuda:0
======================================================================
[TMC Safe Mode] Split Report:
  Public (Server):  20000 samples (from Train)
  Private (Users):  30000 samples (from Train)
  Test (Evaluation):10000 samples (from Test)
  [Pre-training] 10 epochs on public data ...
    Epoch 1/10: loss=4.2378
    Epoch 10/10: loss=1.7267
  [Pre-training] Done.
    Round   0/100: acc=0.3415, loss=3.0889, part=0.82, p*=3.337, ε*=2.78, Σcost=306.4, Σε=2.8
    Round  10/100: acc=0.2338, loss=3.3451, part=0.82, p*=3.337, ε*=2.78, Σcost=3370.0, Σε=30.6
    Round  20/100: acc=0.1935, loss=3.3805, part=0.82, p*=3.337, ε*=2.78, Σcost=6433.6, Σε=58.4
    Round  30/100: acc=0.1555, loss=3.4345, part=0.82, p*=3.337, ε*=2.78, Σcost=9497.2, Σε=86.2
    Round  40/100: acc=0.1484, loss=3.4269, part=0.82, p*=3.337, ε*=2.78, Σcost=12560.7, Σε=113.9
    Round  50/100: acc=0.1484, loss=3.4312, part=0.82, p*=3.337, ε*=2.78, Σcost=15624.3, Σε=141.7
    Round  60/100: acc=0.1508, loss=3.4179, part=0.82, p*=3.337, ε*=2.78, Σcost=18687.9, Σε=169.5
    Round  70/100: acc=0.1592, loss=3.4162, part=0.82, p*=3.337, ε*=2.78, Σcost=21751.5, Σε=197.3
    Round  80/100: acc=0.1544, loss=3.4164, part=0.82, p*=3.337, ε*=2.78, Σcost=24815.1, Σε=225.1
    Round  90/100: acc=0.1677, loss=3.4000, part=0.82, p*=3.337, ε*=2.78, Σcost=27878.7, Σε=252.9
    Round  99/100: acc=0.1549, loss=3.4124, part=0.82, p*=3.337, ε*=2.78, Σcost=30636.0, Σε=277.9
  💾 Saved: results/experiments/tmc/expI_noMixedLoss_s42.json

======================================================================
  DONE: expI_noMixedLoss_s42
  best=35.29%  final=15.49%  part=82%  cost=30636
  time=8974s (149.6 min)
  saved: results/experiments/tmc/expI_noMixedLoss_s42.json
======================================================================
Finished task 1 at Sat Apr 18 02:38:04 CST 2026

--- Task 2 / 2 ---
/home/aelab-2/TMC_2026/paid-fd/.venv/lib/python3.12/site-packages/torchvision/datasets/cifar.py:83: VisibleDeprecationWarning: dtype(): align should be passed as Python or NumPy boolean but got `align=0`. Did you mean to pass a tuple to create a subarray type? (Deprecated NumPy 2.4)
  entry = pickle.load(f, encoding="latin1")
======================================================================
  TMC Experiment — Phase 5, Task 3/3
  Label:  expI_noPersistent_s42
  Method: PAID-FD
  Seed:   42
  Desc:   No persistent local models (fresh each round)
  Device: cuda:0
======================================================================
[TMC Safe Mode] Split Report:
  Public (Server):  20000 samples (from Train)
  Private (Users):  30000 samples (from Train)
  Test (Evaluation):10000 samples (from Test)
  [Pre-training] 10 epochs on public data ...
    Epoch 1/10: loss=4.2378
    Epoch 10/10: loss=1.7267
  [Pre-training] Done.
    Round   0/100: acc=0.3928, loss=2.5614, part=0.82, p*=3.337, ε*=2.78, Σcost=306.4, Σε=2.8
    Round  10/100: acc=0.5093, loss=2.1100, part=0.82, p*=3.337, ε*=2.78, Σcost=3370.0, Σε=30.6
    Round  20/100: acc=0.5776, loss=1.8753, part=0.82, p*=3.337, ε*=2.78, Σcost=6433.6, Σε=58.4
    Round  30/100: acc=0.5991, loss=1.8051, part=0.82, p*=3.337, ε*=2.78, Σcost=9497.2, Σε=86.2
    Round  40/100: acc=0.6133, loss=1.8286, part=0.82, p*=3.337, ε*=2.78, Σcost=12560.7, Σε=113.9
    Round  50/100: acc=0.6168, loss=1.8262, part=0.82, p*=3.337, ε*=2.78, Σcost=15624.3, Σε=141.7
    Round  60/100: acc=0.6246, loss=1.8194, part=0.82, p*=3.337, ε*=2.78, Σcost=18687.9, Σε=169.5
    Round  70/100: acc=0.6320, loss=1.8079, part=0.82, p*=3.337, ε*=2.78, Σcost=21751.5, Σε=197.3
    Round  80/100: acc=0.6375, loss=1.7992, part=0.82, p*=3.337, ε*=2.78, Σcost=24815.1, Σε=225.1
    Round  90/100: acc=0.6315, loss=1.8218, part=0.82, p*=3.337, ε*=2.78, Σcost=27878.7, Σε=252.9
    Round  99/100: acc=0.6355, loss=1.8022, part=0.82, p*=3.337, ε*=2.78, Σcost=30636.0, Σε=277.9
  💾 Saved: results/experiments/tmc/expI_noPersistent_s42.json

======================================================================
  DONE: expI_noPersistent_s42
  best=63.87%  final=63.55%  part=82%  cost=30636
  time=9080s (151.3 min)
  saved: results/experiments/tmc/expI_noPersistent_s42.json
======================================================================
Finished task 2 at Sat Apr 18 05:09:25 CST 2026

========== Phase 5 Complete: Sat Apr 18 05:09:25 CST 2026 ==========
Results:
-rw-rw-r-- 1 aelab-2 aelab-2 8547 Apr 18 00:08 results/experiments/tmc/expI_noEMA_s42.json
-rw-rw-r-- 1 aelab-2 aelab-2 8587 Apr 18 02:38 results/experiments/tmc/expI_noMixedLoss_s42.json
-rw-rw-r-- 1 aelab-2 aelab-2 8634 Apr 18 05:09 results/experiments/tmc/expI_noPersistent_s42.json
